TN:
SF:src\common\error-handler.js
FN:6,(anonymous_0)
FN:111,(anonymous_1)
FN:120,(anonymous_2)
FN:146,(anonymous_3)
FN:170,(anonymous_4)
FN:178,(anonymous_5)
FN:205,(anonymous_6)
FN:212,(anonymous_7)
FN:219,(anonymous_8)
FN:227,getErrorHandler
FN:235,handleError
FN:239,createError
FNF:12
FNH:0
FNDA:0,(anonymous_0)
FNDA:0,(anonymous_1)
FNDA:0,(anonymous_2)
FNDA:0,(anonymous_3)
FNDA:0,(anonymous_4)
FNDA:0,(anonymous_5)
FNDA:0,(anonymous_6)
FNDA:0,(anonymous_7)
FNDA:0,(anonymous_8)
FNDA:0,getErrorHandler
FNDA:0,handleError
FNDA:0,createError
DA:7,0
DA:8,0
DA:9,0
DA:10,0
DA:11,0
DA:16,0
DA:54,0
DA:112,0
DA:113,0
DA:114,0
DA:122,0
DA:125,0
DA:126,0
DA:130,0
DA:132,0
DA:148,0
DA:149,0
DA:151,0
DA:152,0
DA:156,0
DA:157,0
DA:159,0
DA:160,0
DA:164,0
DA:171,0
DA:172,0
DA:179,0
DA:189,0
DA:192,0
DA:193,0
DA:197,0
DA:198,0
DA:206,0
DA:213,0
DA:220,0
DA:225,0
DA:228,0
DA:229,0
DA:231,0
DA:236,0
DA:240,0
LF:41
LH:0
BRDA:6,0,0,0
BRDA:111,1,0,0
BRDA:120,2,0,0
BRDA:125,3,0,0
BRDA:125,3,1,0
BRDA:130,4,0,0
BRDA:130,4,1,0
BRDA:148,5,0,0
BRDA:148,5,1,0
BRDA:151,6,0,0
BRDA:151,6,1,0
BRDA:151,7,0,0
BRDA:151,7,1,0
BRDA:156,8,0,0
BRDA:156,8,1,0
BRDA:159,9,0,0
BRDA:159,9,1,0
BRDA:159,10,0,0
BRDA:159,10,1,0
BRDA:164,11,0,0
BRDA:164,11,1,0
BRDA:171,12,0,0
BRDA:171,12,1,0
BRDA:192,13,0,0
BRDA:192,13,1,0
BRDA:197,14,0,0
BRDA:197,14,1,0
BRDA:227,15,0,0
BRDA:228,16,0,0
BRDA:228,16,1,0
BRDA:235,17,0,0
BRDA:239,18,0,0
BRF:32
BRH:0
end_of_record
TN:
SF:src\main\config-manager.js
FN:10,(anonymous_0)
FN:51,(anonymous_1)
FN:74,(anonymous_2)
FN:80,(anonymous_3)
FN:83,(anonymous_4)
FN:98,(anonymous_5)
FN:102,(anonymous_6)
FN:111,(anonymous_7)
FN:121,(anonymous_8)
FN:133,(anonymous_9)
FN:138,(anonymous_10)
FN:143,(anonymous_11)
FN:149,(anonymous_12)
FN:166,(anonymous_13)
FN:189,(anonymous_14)
FN:196,(anonymous_15)
FN:205,(anonymous_16)
FN:217,(anonymous_17)
FN:230,(anonymous_18)
FN:245,(anonymous_19)
FN:263,(anonymous_20)
FN:271,(anonymous_21)
FN:289,(anonymous_22)
FN:297,(anonymous_23)
FN:305,(anonymous_24)
FNF:25
FNH:0
FNDA:0,(anonymous_0)
FNDA:0,(anonymous_1)
FNDA:0,(anonymous_2)
FNDA:0,(anonymous_3)
FNDA:0,(anonymous_4)
FNDA:0,(anonymous_5)
FNDA:0,(anonymous_6)
FNDA:0,(anonymous_7)
FNDA:0,(anonymous_8)
FNDA:0,(anonymous_9)
FNDA:0,(anonymous_10)
FNDA:0,(anonymous_11)
FNDA:0,(anonymous_12)
FNDA:0,(anonymous_13)
FNDA:0,(anonymous_14)
FNDA:0,(anonymous_15)
FNDA:0,(anonymous_16)
FNDA:0,(anonymous_17)
FNDA:0,(anonymous_18)
FNDA:0,(anonymous_19)
FNDA:0,(anonymous_20)
FNDA:0,(anonymous_21)
FNDA:0,(anonymous_22)
FNDA:0,(anonymous_23)
FNDA:0,(anonymous_24)
DA:6,0
DA:7,0
DA:11,0
DA:12,0
DA:48,0
DA:52,0
DA:53,0
DA:54,0
DA:56,0
DA:57,0
DA:58,0
DA:60,0
DA:61,0
DA:63,0
DA:64,0
DA:65,0
DA:67,0
DA:68,0
DA:75,0
DA:76,0
DA:81,0
DA:82,0
DA:83,0
DA:84,0
DA:85,0
DA:86,0
DA:88,0
DA:91,0
DA:95,0
DA:99,0
DA:103,0
DA:104,0
DA:105,0
DA:107,0
DA:112,0
DA:113,0
DA:114,0
DA:115,0
DA:116,0
DA:118,0
DA:122,0
DA:123,0
DA:124,0
DA:125,0
DA:126,0
DA:128,0
DA:130,0
DA:134,0
DA:135,0
DA:139,0
DA:140,0
DA:144,0
DA:145,0
DA:150,0
DA:153,0
DA:155,0
DA:156,0
DA:159,0
DA:160,0
DA:163,0
DA:167,0
DA:170,0
DA:172,0
DA:173,0
DA:176,0
DA:177,0
DA:180,0
DA:186,0
DA:190,0
DA:191,0
DA:193,0
DA:197,0
DA:198,0
DA:201,0
DA:202,0
DA:206,0
DA:207,0
DA:214,0
DA:218,0
DA:219,0
DA:222,0
DA:226,0
DA:231,0
DA:233,0
DA:235,0
DA:236,0
DA:239,0
DA:240,0
DA:244,0
DA:245,0
DA:249,0
DA:256,0
DA:257,0
DA:260,0
DA:264,0
DA:265,0
DA:267,0
DA:272,0
DA:273,0
DA:286,0
DA:290,0
DA:291,0
DA:293,0
DA:294,0
DA:298,0
DA:299,0
DA:301,0
DA:302,0
DA:306,0
DA:307,0
DA:309,0
DA:310,0
LF:112
LH:0
BRDA:60,0,0,0
BRDA:60,0,1,0
BRDA:82,1,0,0
BRDA:82,1,1,0
BRDA:82,2,0,0
BRDA:82,2,1,0
BRDA:84,3,0,0
BRDA:84,3,1,0
BRDA:85,4,0,0
BRDA:85,4,1,0
BRDA:99,5,0,0
BRDA:99,5,1,0
BRDA:99,5,2,0
BRDA:116,6,0,0
BRDA:116,6,1,0
BRDA:125,7,0,0
BRDA:125,7,1,0
BRDA:150,8,0,0
BRDA:150,8,1,0
BRDA:155,9,0,0
BRDA:155,9,1,0
BRDA:159,10,0,0
BRDA:159,10,1,0
BRDA:163,11,0,0
BRDA:163,11,1,0
BRDA:167,12,0,0
BRDA:167,12,1,0
BRDA:172,13,0,0
BRDA:172,13,1,0
BRDA:176,14,0,0
BRDA:176,14,1,0
BRDA:190,15,0,0
BRDA:190,15,1,0
BRDA:190,16,0,0
BRDA:190,16,1,0
BRDA:197,17,0,0
BRDA:197,17,1,0
BRDA:206,18,0,0
BRDA:206,18,1,0
BRDA:206,19,0,0
BRDA:206,19,1,0
BRDA:218,20,0,0
BRDA:218,20,1,0
BRDA:231,21,0,0
BRDA:231,21,1,0
BRDA:235,22,0,0
BRDA:235,22,1,0
BRDA:239,23,0,0
BRDA:239,23,1,0
BRDA:256,24,0,0
BRDA:256,24,1,0
BRDA:264,25,0,0
BRDA:264,25,1,0
BRDA:264,26,0,0
BRDA:264,26,1,0
BRDA:272,27,0,0
BRDA:272,27,1,0
BRDA:290,28,0,0
BRDA:290,28,1,0
BRDA:298,29,0,0
BRDA:298,29,1,0
BRDA:306,30,0,0
BRDA:306,30,1,0
BRF:63
BRH:0
end_of_record
TN:
SF:src\main\git-manager.js
FN:11,(anonymous_0)
FN:18,(anonymous_1)
FN:23,(anonymous_2)
FN:37,(anonymous_3)
FN:45,(anonymous_4)
FN:62,(anonymous_5)
FN:114,(anonymous_6)
FN:170,(anonymous_7)
FN:206,(anonymous_8)
FN:241,(anonymous_9)
FN:314,(anonymous_10)
FN:317,(anonymous_11)
FN:318,(anonymous_12)
FN:333,(anonymous_13)
FN:344,(anonymous_14)
FN:377,(anonymous_15)
FN:378,(anonymous_16)
FN:379,(anonymous_17)
FN:392,(anonymous_18)
FN:401,(anonymous_19)
FN:426,(anonymous_20)
FN:475,(anonymous_21)
FN:516,(anonymous_22)
FN:550,(anonymous_23)
FN:563,(anonymous_24)
FN:573,(anonymous_25)
FN:591,(anonymous_26)
FN:647,(anonymous_27)
FN:679,(anonymous_28)
FN:700,(anonymous_29)
FN:736,(anonymous_30)
FN:771,(anonymous_31)
FN:808,(anonymous_32)
FN:836,(anonymous_33)
FN:845,(anonymous_34)
FN:863,(anonymous_35)
FN:872,(anonymous_36)
FN:886,(anonymous_37)
FN:908,(anonymous_38)
FNF:39
FNH:0
FNDA:0,(anonymous_0)
FNDA:0,(anonymous_1)
FNDA:0,(anonymous_2)
FNDA:0,(anonymous_3)
FNDA:0,(anonymous_4)
FNDA:0,(anonymous_5)
FNDA:0,(anonymous_6)
FNDA:0,(anonymous_7)
FNDA:0,(anonymous_8)
FNDA:0,(anonymous_9)
FNDA:0,(anonymous_10)
FNDA:0,(anonymous_11)
FNDA:0,(anonymous_12)
FNDA:0,(anonymous_13)
FNDA:0,(anonymous_14)
FNDA:0,(anonymous_15)
FNDA:0,(anonymous_16)
FNDA:0,(anonymous_17)
FNDA:0,(anonymous_18)
FNDA:0,(anonymous_19)
FNDA:0,(anonymous_20)
FNDA:0,(anonymous_21)
FNDA:0,(anonymous_22)
FNDA:0,(anonymous_23)
FNDA:0,(anonymous_24)
FNDA:0,(anonymous_25)
FNDA:0,(anonymous_26)
FNDA:0,(anonymous_27)
FNDA:0,(anonymous_28)
FNDA:0,(anonymous_29)
FNDA:0,(anonymous_30)
FNDA:0,(anonymous_31)
FNDA:0,(anonymous_32)
FNDA:0,(anonymous_33)
FNDA:0,(anonymous_34)
FNDA:0,(anonymous_35)
FNDA:0,(anonymous_36)
FNDA:0,(anonymous_37)
FNDA:0,(anonymous_38)
DA:7,0
DA:8,0
DA:12,0
DA:13,0
DA:14,0
DA:15,0
DA:19,0
DA:24,0
DA:26,0
DA:27,0
DA:28,0
DA:29,0
DA:31,0
DA:32,0
DA:38,0
DA:46,0
DA:47,0
DA:51,0
DA:58,0
DA:63,0
DA:65,0
DA:66,0
DA:69,0
DA:70,0
DA:71,0
DA:72,0
DA:74,0
DA:76,0
DA:77,0
DA:78,0
DA:80,0
DA:81,0
DA:82,0
DA:83,0
DA:84,0
DA:85,0
DA:86,0
DA:89,0
DA:94,0
DA:97,0
DA:98,0
DA:100,0
DA:102,0
DA:105,0
DA:106,0
DA:108,0
DA:109,0
DA:115,0
DA:116,0
DA:119,0
DA:121,0
DA:136,0
DA:139,0
DA:142,0
DA:143,0
DA:146,0
DA:147,0
DA:148,0
DA:150,0
DA:155,0
DA:156,0
DA:158,0
DA:159,0
DA:164,0
DA:165,0
DA:171,0
DA:172,0
DA:175,0
DA:176,0
DA:179,0
DA:180,0
DA:183,0
DA:185,0
DA:188,0
DA:190,0
DA:196,0
DA:197,0
DA:200,0
DA:201,0
DA:207,0
DA:208,0
DA:215,0
DA:216,0
DA:218,0
DA:224,0
DA:225,0
DA:228,0
DA:229,0
DA:230,0
DA:231,0
DA:233,0
DA:237,0
DA:238,0
DA:239,0
DA:240,0
DA:241,0
DA:242,0
DA:243,0
DA:244,0
DA:247,0
DA:251,0
DA:254,0
DA:255,0
DA:258,0
DA:259,0
DA:268,0
DA:269,0
DA:270,0
DA:280,0
DA:281,0
DA:282,0
DA:292,0
DA:293,0
DA:302,0
DA:303,0
DA:304,0
DA:305,0
DA:308,0
DA:309,0
DA:311,0
DA:312,0
DA:314,0
DA:315,0
DA:317,0
DA:318,0
DA:320,0
DA:322,0
DA:332,0
DA:333,0
DA:343,0
DA:344,0
DA:353,0
DA:357,0
DA:358,0
DA:359,0
DA:360,0
DA:362,0
DA:365,0
DA:377,0
DA:378,0
DA:379,0
DA:383,0
DA:384,0
DA:393,0
DA:394,0
DA:395,0
DA:396,0
DA:397,0
DA:402,0
DA:403,0
DA:406,0
DA:407,0
DA:409,0
DA:411,0
DA:412,0
DA:415,0
DA:416,0
DA:417,0
DA:420,0
DA:421,0
DA:427,0
DA:428,0
DA:431,0
DA:432,0
DA:435,0
DA:436,0
DA:437,0
DA:438,0
DA:440,0
DA:441,0
DA:448,0
DA:456,0
DA:458,0
DA:459,0
DA:461,0
DA:464,0
DA:466,0
DA:467,0
DA:470,0
DA:476,0
DA:481,0
DA:483,0
DA:486,0
DA:487,0
DA:488,0
DA:490,0
DA:493,0
DA:494,0
DA:495,0
DA:497,0
DA:501,0
DA:502,0
DA:503,0
DA:505,0
DA:506,0
DA:509,0
DA:512,0
DA:517,0
DA:519,0
DA:520,0
DA:523,0
DA:524,0
DA:526,0
DA:527,0
DA:528,0
DA:531,0
DA:532,0
DA:534,0
DA:535,0
DA:536,0
DA:539,0
DA:544,0
DA:545,0
DA:551,0
DA:552,0
DA:555,0
DA:564,0
DA:565,0
DA:568,0
DA:569,0
DA:572,0
DA:573,0
DA:575,0
DA:577,0
DA:578,0
DA:581,0
DA:582,0
DA:585,0
DA:586,0
DA:592,0
DA:593,0
DA:596,0
DA:597,0
DA:600,0
DA:601,0
DA:602,0
DA:609,0
DA:610,0
DA:611,0
DA:615,0
DA:616,0
DA:617,0
DA:624,0
DA:626,0
DA:631,0
DA:634,0
DA:635,0
DA:636,0
DA:637,0
DA:638,0
DA:639,0
DA:642,0
DA:648,0
DA:649,0
DA:652,0
DA:653,0
DA:656,0
DA:657,0
DA:658,0
DA:662,0
DA:663,0
DA:665,0
DA:668,0
DA:669,0
DA:670,0
DA:671,0
DA:674,0
DA:680,0
DA:681,0
DA:684,0
DA:685,0
DA:686,0
DA:688,0
DA:694,0
DA:695,0
DA:701,0
DA:702,0
DA:705,0
DA:706,0
DA:707,0
DA:709,0
DA:712,0
DA:713,0
DA:714,0
DA:715,0
DA:724,0
DA:730,0
DA:731,0
DA:737,0
DA:738,0
DA:742,0
DA:743,0
DA:747,0
DA:748,0
DA:749,0
DA:752,0
DA:753,0
DA:756,0
DA:758,0
DA:760,0
DA:762,0
DA:763,0
DA:766,0
DA:772,0
DA:773,0
DA:776,0
DA:777,0
DA:780,0
DA:781,0
DA:783,0
DA:784,0
DA:791,0
DA:792,0
DA:794,0
DA:797,0
DA:799,0
DA:800,0
DA:803,0
DA:809,0
DA:810,0
DA:813,0
DA:814,0
DA:817,0
DA:818,0
DA:819,0
DA:823,0
DA:824,0
DA:828,0
DA:829,0
DA:831,0
DA:837,0
DA:838,0
DA:841,0
DA:842,0
DA:843,0
DA:845,0
DA:855,0
DA:857,0
DA:858,0
DA:864,0
DA:865,0
DA:868,0
DA:869,0
DA:870,0
DA:872,0
DA:878,0
DA:880,0
DA:881,0
DA:887,0
DA:888,0
DA:891,0
DA:892,0
DA:895,0
DA:897,0
DA:902,0
DA:903,0
DA:909,0
DA:910,0
DA:913,0
DA:914,0
DA:915,0
DA:917,0
DA:924,0
DA:926,0
DA:927,0
DA:930,0
LF:366
LH:0
BRDA:46,0,0,0
BRDA:46,0,1,0
BRDA:63,1,0,0
BRDA:63,1,1,0
BRDA:74,2,0,0
BRDA:74,2,1,0
BRDA:78,3,0,0
BRDA:78,3,1,0
BRDA:83,4,0,0
BRDA:83,4,1,0
BRDA:98,5,0,0
BRDA:98,5,1,0
BRDA:115,6,0,0
BRDA:115,6,1,0
BRDA:171,7,0,0
BRDA:171,7,1,0
BRDA:171,8,0,0
BRDA:171,8,1,0
BRDA:191,9,0,0
BRDA:191,9,1,0
BRDA:192,10,0,0
BRDA:192,10,1,0
BRDA:193,11,0,0
BRDA:193,11,1,0
BRDA:207,12,0,0
BRDA:207,12,1,0
BRDA:207,13,0,0
BRDA:207,13,1,0
BRDA:231,14,0,0
BRDA:231,14,1,0
BRDA:242,15,0,0
BRDA:242,15,1,0
BRDA:243,16,0,0
BRDA:243,16,1,0
BRDA:269,17,0,0
BRDA:269,17,1,0
BRDA:281,18,0,0
BRDA:281,18,1,0
BRDA:308,19,0,0
BRDA:308,19,1,0
BRDA:308,20,0,0
BRDA:308,20,1,0
BRDA:312,21,0,0
BRDA:312,21,1,0
BRDA:315,22,0,0
BRDA:315,22,1,0
BRDA:315,22,2,0
BRDA:320,23,0,0
BRDA:320,23,1,0
BRDA:378,24,0,0
BRDA:378,24,1,0
BRDA:393,25,0,0
BRDA:393,25,1,0
BRDA:393,26,0,0
BRDA:393,26,1,0
BRDA:394,27,0,0
BRDA:394,27,1,0
BRDA:394,28,0,0
BRDA:394,28,1,0
BRDA:395,29,0,0
BRDA:395,29,1,0
BRDA:395,30,0,0
BRDA:395,30,1,0
BRDA:396,31,0,0
BRDA:396,31,1,0
BRDA:396,32,0,0
BRDA:396,32,1,0
BRDA:401,33,0,0
BRDA:402,34,0,0
BRDA:402,34,1,0
BRDA:402,35,0,0
BRDA:402,35,1,0
BRDA:409,36,0,0
BRDA:409,36,1,0
BRDA:409,37,0,0
BRDA:409,37,1,0
BRDA:415,38,0,0
BRDA:415,38,1,0
BRDA:426,39,0,0
BRDA:427,40,0,0
BRDA:427,40,1,0
BRDA:427,41,0,0
BRDA:427,41,1,0
BRDA:440,42,0,0
BRDA:440,42,1,0
BRDA:440,43,0,0
BRDA:440,43,1,0
BRDA:458,44,0,0
BRDA:458,44,1,0
BRDA:466,45,0,0
BRDA:466,45,1,0
BRDA:475,46,0,0
BRDA:501,47,0,0
BRDA:501,47,1,0
BRDA:505,48,0,0
BRDA:505,48,1,0
BRDA:506,49,0,0
BRDA:506,49,1,0
BRDA:516,50,0,0
BRDA:519,51,0,0
BRDA:519,51,1,0
BRDA:519,52,0,0
BRDA:519,52,1,0
BRDA:524,53,0,0
BRDA:524,53,1,0
BRDA:531,54,0,0
BRDA:531,54,1,0
BRDA:541,55,0,0
BRDA:541,55,1,0
BRDA:550,56,0,0
BRDA:551,57,0,0
BRDA:551,57,1,0
BRDA:563,58,0,0
BRDA:563,59,0,0
BRDA:564,60,0,0
BRDA:564,60,1,0
BRDA:564,61,0,0
BRDA:564,61,1,0
BRDA:575,62,0,0
BRDA:575,62,1,0
BRDA:591,63,0,0
BRDA:591,64,0,0
BRDA:591,65,0,0
BRDA:592,66,0,0
BRDA:592,66,1,0
BRDA:592,67,0,0
BRDA:592,67,1,0
BRDA:601,68,0,0
BRDA:601,68,1,0
BRDA:609,69,0,0
BRDA:609,69,1,0
BRDA:616,70,0,0
BRDA:616,70,1,0
BRDA:634,71,0,0
BRDA:634,71,1,0
BRDA:636,72,0,0
BRDA:636,72,1,0
BRDA:638,73,0,0
BRDA:638,73,1,0
BRDA:647,74,0,0
BRDA:647,75,0,0
BRDA:647,76,0,0
BRDA:648,77,0,0
BRDA:648,77,1,0
BRDA:648,78,0,0
BRDA:648,78,1,0
BRDA:656,79,0,0
BRDA:656,79,1,0
BRDA:668,80,0,0
BRDA:668,80,1,0
BRDA:670,81,0,0
BRDA:670,81,1,0
BRDA:679,82,0,0
BRDA:680,83,0,0
BRDA:680,83,1,0
BRDA:680,84,0,0
BRDA:680,84,1,0
BRDA:700,85,0,0
BRDA:701,86,0,0
BRDA:701,86,1,0
BRDA:701,87,0,0
BRDA:701,87,1,0
BRDA:714,88,0,0
BRDA:714,88,1,0
BRDA:736,89,0,0
BRDA:737,90,0,0
BRDA:737,90,1,0
BRDA:737,91,0,0
BRDA:737,91,1,0
BRDA:742,92,0,0
BRDA:742,92,1,0
BRDA:742,93,0,0
BRDA:742,93,1,0
BRDA:748,94,0,0
BRDA:748,94,1,0
BRDA:762,95,0,0
BRDA:762,95,1,0
BRDA:771,96,0,0
BRDA:772,97,0,0
BRDA:772,97,1,0
BRDA:772,98,0,0
BRDA:772,98,1,0
BRDA:783,99,0,0
BRDA:783,99,1,0
BRDA:799,100,0,0
BRDA:799,100,1,0
BRDA:808,101,0,0
BRDA:809,102,0,0
BRDA:809,102,1,0
BRDA:809,103,0,0
BRDA:809,103,1,0
BRDA:818,104,0,0
BRDA:818,104,1,0
BRDA:823,105,0,0
BRDA:823,105,1,0
BRDA:823,106,0,0
BRDA:823,106,1,0
BRDA:836,107,0,0
BRDA:836,108,0,0
BRDA:837,109,0,0
BRDA:837,109,1,0
BRDA:837,110,0,0
BRDA:837,110,1,0
BRDA:851,111,0,0
BRDA:851,111,1,0
BRDA:863,112,0,0
BRDA:864,113,0,0
BRDA:864,113,1,0
BRDA:864,114,0,0
BRDA:864,114,1,0
BRDA:886,115,0,0
BRDA:887,116,0,0
BRDA:887,116,1,0
BRDA:887,117,0,0
BRDA:887,117,1,0
BRDA:908,118,0,0
BRDA:909,119,0,0
BRDA:909,119,1,0
BRDA:909,120,0,0
BRDA:909,120,1,0
BRDA:926,121,0,0
BRDA:926,121,1,0
BRF:222
BRH:0
end_of_record
TN:
SF:src\main\i18n-manager.js
FN:9,(anonymous_0)
FN:16,(anonymous_1)
FN:33,(anonymous_2)
FN:41,(anonymous_3)
FN:45,(anonymous_4)
FN:50,(anonymous_5)
FN:55,(anonymous_6)
FN:88,(anonymous_7)
FN:93,(anonymous_8)
FN:99,(anonymous_9)
FNF:10
FNH:0
FNDA:0,(anonymous_0)
FNDA:0,(anonymous_1)
FNDA:0,(anonymous_2)
FNDA:0,(anonymous_3)
FNDA:0,(anonymous_4)
FNDA:0,(anonymous_5)
FNDA:0,(anonymous_6)
FNDA:0,(anonymous_7)
FNDA:0,(anonymous_8)
FNDA:0,(anonymous_9)
DA:5,0
DA:6,0
DA:10,0
DA:11,0
DA:12,0
DA:13,0
DA:18,0
DA:19,0
DA:20,0
DA:21,0
DA:22,0
DA:24,0
DA:25,0
DA:27,0
DA:34,0
DA:35,0
DA:36,0
DA:38,0
DA:42,0
DA:46,0
DA:51,0
DA:52,0
DA:56,0
DA:57,0
DA:60,0
DA:61,0
DA:62,0
DA:64,0
DA:65,0
DA:70,0
DA:71,0
DA:72,0
DA:73,0
DA:74,0
DA:76,0
DA:77,0
DA:80,0
DA:84,0
DA:89,0
DA:90,0
DA:93,0
DA:94,0
DA:100,0
DA:101,0
LF:44
LH:0
BRDA:24,0,0,0
BRDA:24,0,1,0
BRDA:25,1,0,0
BRDA:25,1,1,0
BRDA:34,2,0,0
BRDA:34,2,1,0
BRDA:50,3,0,0
BRDA:61,4,0,0
BRDA:61,4,1,0
BRDA:61,5,0,0
BRDA:61,5,1,0
BRDA:70,6,0,0
BRDA:70,6,1,0
BRDA:70,7,0,0
BRDA:70,7,1,0
BRDA:73,8,0,0
BRDA:73,8,1,0
BRDA:73,9,0,0
BRDA:73,9,1,0
BRDA:84,10,0,0
BRDA:84,10,1,0
BRDA:89,11,0,0
BRDA:89,11,1,0
BRDA:89,12,0,0
BRDA:89,12,1,0
BRDA:94,13,0,0
BRDA:94,13,1,0
BRDA:99,14,0,0
BRDA:100,15,0,0
BRDA:100,15,1,0
BRF:30
BRH:0
end_of_record
TN:
SF:src\main\main.js
FN:43,hasNullByte
FN:47,isSupportedExt
FN:54,validatePathMain
FN:73,isAllowedUrl
FN:90,(anonymous_4)
FN:114,(anonymous_5)
FN:156,(anonymous_6)
FN:164,(anonymous_7)
FN:177,(anonymous_8)
FN:183,createMainWindow
FN:211,(anonymous_10)
FN:239,(anonymous_11)
FN:249,(anonymous_12)
FN:255,(anonymous_13)
FN:263,(anonymous_14)
FN:265,(anonymous_15)
FN:285,(anonymous_16)
FN:291,(anonymous_17)
FN:303,(anonymous_18)
FN:311,(anonymous_19)
FN:319,checkFirstRunAndShowWelcome
FN:334,setupIPCHandlers
FN:336,(anonymous_22)
FN:345,(anonymous_23)
FN:355,(anonymous_24)
FN:366,(anonymous_25)
FN:374,(anonymous_26)
FN:414,(anonymous_27)
FN:444,(anonymous_28)
FN:484,(anonymous_29)
FN:515,(anonymous_30)
FN:541,(anonymous_31)
FN:547,(anonymous_32)
FN:556,(anonymous_33)
FN:570,openFileInWindow
FN:586,setupGitIPCHandlers
FN:588,(anonymous_36)
FN:593,(anonymous_37)
FN:609,(anonymous_38)
FN:630,(anonymous_39)
FN:672,(anonymous_40)
FN:690,(anonymous_41)
FN:696,(anonymous_42)
FN:702,(anonymous_43)
FN:708,(anonymous_44)
FN:714,(anonymous_45)
FN:726,(anonymous_46)
FN:732,(anonymous_47)
FN:750,(anonymous_48)
FN:772,(anonymous_49)
FN:799,(anonymous_50)
FN:828,(anonymous_51)
FN:853,(anonymous_52)
FN:892,(anonymous_53)
FN:906,(anonymous_54)
FN:921,(anonymous_55)
FN:926,(anonymous_56)
FN:932,(anonymous_57)
FN:937,(anonymous_58)
FN:943,(anonymous_59)
FN:949,(anonymous_60)
FN:955,(anonymous_61)
FN:961,(anonymous_62)
FN:967,(anonymous_63)
FN:973,(anonymous_64)
FN:979,(anonymous_65)
FN:985,(anonymous_66)
FN:995,(anonymous_67)
FN:1017,(anonymous_68)
FN:1058,(anonymous_69)
FN:1068,(anonymous_70)
FN:1078,(anonymous_71)
FN:1089,setupUpdateIPCHandlers
FN:1091,(anonymous_73)
FN:1096,(anonymous_74)
FN:1101,(anonymous_75)
FN:1106,(anonymous_76)
FN:1124,(anonymous_77)
FN:1130,(anonymous_78)
FN:1160,createApplicationMenu
FN:1163,(anonymous_80)
FN:1166,(anonymous_81)
FN:1188,(anonymous_82)
FN:1203,(anonymous_83)
FN:1205,(anonymous_84)
FN:1207,(anonymous_85)
FN:1223,setupI18nIPCHandlers
FN:1225,(anonymous_87)
FN:1230,(anonymous_88)
FN:1235,(anonymous_89)
FN:1240,(anonymous_90)
FN:1255,(anonymous_91)
FN:1270,(anonymous_92)
FN:1279,(anonymous_93)
FNF:94
FNH:0
FNDA:0,hasNullByte
FNDA:0,isSupportedExt
FNDA:0,validatePathMain
FNDA:0,isAllowedUrl
FNDA:0,(anonymous_4)
FNDA:0,(anonymous_5)
FNDA:0,(anonymous_6)
FNDA:0,(anonymous_7)
FNDA:0,(anonymous_8)
FNDA:0,createMainWindow
FNDA:0,(anonymous_10)
FNDA:0,(anonymous_11)
FNDA:0,(anonymous_12)
FNDA:0,(anonymous_13)
FNDA:0,(anonymous_14)
FNDA:0,(anonymous_15)
FNDA:0,(anonymous_16)
FNDA:0,(anonymous_17)
FNDA:0,(anonymous_18)
FNDA:0,(anonymous_19)
FNDA:0,checkFirstRunAndShowWelcome
FNDA:0,setupIPCHandlers
FNDA:0,(anonymous_22)
FNDA:0,(anonymous_23)
FNDA:0,(anonymous_24)
FNDA:0,(anonymous_25)
FNDA:0,(anonymous_26)
FNDA:0,(anonymous_27)
FNDA:0,(anonymous_28)
FNDA:0,(anonymous_29)
FNDA:0,(anonymous_30)
FNDA:0,(anonymous_31)
FNDA:0,(anonymous_32)
FNDA:0,(anonymous_33)
FNDA:0,openFileInWindow
FNDA:0,setupGitIPCHandlers
FNDA:0,(anonymous_36)
FNDA:0,(anonymous_37)
FNDA:0,(anonymous_38)
FNDA:0,(anonymous_39)
FNDA:0,(anonymous_40)
FNDA:0,(anonymous_41)
FNDA:0,(anonymous_42)
FNDA:0,(anonymous_43)
FNDA:0,(anonymous_44)
FNDA:0,(anonymous_45)
FNDA:0,(anonymous_46)
FNDA:0,(anonymous_47)
FNDA:0,(anonymous_48)
FNDA:0,(anonymous_49)
FNDA:0,(anonymous_50)
FNDA:0,(anonymous_51)
FNDA:0,(anonymous_52)
FNDA:0,(anonymous_53)
FNDA:0,(anonymous_54)
FNDA:0,(anonymous_55)
FNDA:0,(anonymous_56)
FNDA:0,(anonymous_57)
FNDA:0,(anonymous_58)
FNDA:0,(anonymous_59)
FNDA:0,(anonymous_60)
FNDA:0,(anonymous_61)
FNDA:0,(anonymous_62)
FNDA:0,(anonymous_63)
FNDA:0,(anonymous_64)
FNDA:0,(anonymous_65)
FNDA:0,(anonymous_66)
FNDA:0,(anonymous_67)
FNDA:0,(anonymous_68)
FNDA:0,(anonymous_69)
FNDA:0,(anonymous_70)
FNDA:0,(anonymous_71)
FNDA:0,setupUpdateIPCHandlers
FNDA:0,(anonymous_73)
FNDA:0,(anonymous_74)
FNDA:0,(anonymous_75)
FNDA:0,(anonymous_76)
FNDA:0,(anonymous_77)
FNDA:0,(anonymous_78)
FNDA:0,createApplicationMenu
FNDA:0,(anonymous_80)
FNDA:0,(anonymous_81)
FNDA:0,(anonymous_82)
FNDA:0,(anonymous_83)
FNDA:0,(anonymous_84)
FNDA:0,(anonymous_85)
FNDA:0,setupI18nIPCHandlers
FNDA:0,(anonymous_87)
FNDA:0,(anonymous_88)
FNDA:0,(anonymous_89)
FNDA:0,(anonymous_90)
FNDA:0,(anonymous_91)
FNDA:0,(anonymous_92)
FNDA:0,(anonymous_93)
DA:8,0
DA:9,0
DA:10,0
DA:12,0
DA:13,0
DA:23,0
DA:24,0
DA:28,0
DA:29,0
DA:36,0
DA:39,0
DA:44,0
DA:48,0
DA:49,0
DA:50,0
DA:51,0
DA:55,0
DA:56,0
DA:58,0
DA:59,0
DA:61,0
DA:62,0
DA:63,0
DA:66,0
DA:67,0
DA:68,0
DA:70,0
DA:74,0
DA:75,0
DA:76,0
DA:77,0
DA:79,0
DA:85,0
DA:86,0
DA:87,0
DA:90,0
DA:92,0
DA:93,0
DA:94,0
DA:96,0
DA:97,0
DA:99,0
DA:100,0
DA:106,0
DA:107,0
DA:108,0
DA:114,0
DA:116,0
DA:118,0
DA:120,0
DA:121,0
DA:122,0
DA:126,0
DA:127,0
DA:130,0
DA:131,0
DA:134,0
DA:135,0
DA:138,0
DA:141,0
DA:143,0
DA:144,0
DA:145,0
DA:146,0
DA:147,0
DA:148,0
DA:151,0
DA:154,0
DA:156,0
DA:157,0
DA:158,0
DA:164,0
DA:165,0
DA:167,0
DA:168,0
DA:169,0
DA:170,0
DA:173,0
DA:177,0
DA:178,0
DA:179,0
DA:184,0
DA:186,0
DA:204,0
DA:205,0
DA:208,0
DA:211,0
DA:212,0
DA:213,0
DA:236,0
DA:239,0
DA:240,0
DA:241,0
DA:244,0
DA:245,0
DA:249,0
DA:250,0
DA:254,0
DA:255,0
DA:256,0
DA:262,0
DA:263,0
DA:264,0
DA:265,0
DA:266,0
DA:267,0
DA:268,0
DA:275,0
DA:280,0
DA:281,0
DA:282,0
DA:283,0
DA:285,0
DA:286,0
DA:290,0
DA:291,0
DA:293,0
DA:296,0
DA:297,0
DA:298,0
DA:303,0
DA:304,0
DA:305,0
DA:306,0
DA:311,0
DA:312,0
DA:313,0
DA:320,0
DA:322,0
DA:324,0
DA:325,0
DA:327,0
DA:330,0
DA:336,0
DA:337,0
DA:345,0
DA:346,0
DA:347,0
DA:348,0
DA:350,0
DA:351,0
DA:355,0
DA:356,0
DA:357,0
DA:358,0
DA:360,0
DA:361,0
DA:366,0
DA:367,0
DA:374,0
DA:375,0
DA:384,0
DA:385,0
DA:386,0
DA:387,0
DA:388,0
DA:389,0
DA:391,0
DA:392,0
DA:393,0
DA:400,0
DA:401,0
DA:408,0
DA:414,0
DA:415,0
DA:418,0
DA:419,0
DA:423,0
DA:424,0
DA:425,0
DA:426,0
DA:428,0
DA:429,0
DA:430,0
DA:436,0
DA:437,0
DA:444,0
DA:445,0
DA:447,0
DA:455,0
DA:456,0
DA:457,0
DA:458,0
DA:459,0
DA:461,0
DA:462,0
DA:463,0
DA:469,0
DA:470,0
DA:477,0
DA:484,0
DA:485,0
DA:487,0
DA:494,0
DA:495,0
DA:496,0
DA:497,0
DA:498,0
DA:500,0
DA:502,0
DA:515,0
DA:517,0
DA:529,0
DA:530,0
DA:532,0
DA:533,0
DA:537,0
DA:541,0
DA:542,0
DA:543,0
DA:547,0
DA:548,0
DA:549,0
DA:551,0
DA:556,0
DA:557,0
DA:558,0
DA:559,0
DA:561,0
DA:563,0
DA:565,0
DA:571,0
DA:572,0
DA:573,0
DA:574,0
DA:575,0
DA:581,0
DA:588,0
DA:589,0
DA:593,0
DA:594,0
DA:595,0
DA:596,0
DA:601,0
DA:609,0
DA:610,0
DA:615,0
DA:616,0
DA:623,0
DA:630,0
DA:632,0
DA:633,0
DA:639,0
DA:640,0
DA:647,0
DA:650,0
DA:651,0
DA:654,0
DA:656,0
DA:663,0
DA:672,0
DA:673,0
DA:675,0
DA:677,0
DA:678,0
DA:679,0
DA:683,0
DA:686,0
DA:690,0
DA:691,0
DA:692,0
DA:696,0
DA:697,0
DA:698,0
DA:702,0
DA:703,0
DA:704,0
DA:708,0
DA:709,0
DA:710,0
DA:712,0
DA:713,0
DA:714,0
DA:716,0
DA:722,0
DA:726,0
DA:727,0
DA:728,0
DA:732,0
DA:733,0
DA:736,0
DA:737,0
DA:738,0
DA:739,0
DA:741,0
DA:742,0
DA:746,0
DA:750,0
DA:751,0
DA:754,0
DA:755,0
DA:759,0
DA:760,0
DA:768,0
DA:772,0
DA:773,0
DA:778,0
DA:781,0
DA:782,0
DA:786,0
DA:787,0
DA:795,0
DA:799,0
DA:800,0
DA:801,0
DA:802,0
DA:805,0
DA:808,0
DA:809,0
DA:811,0
DA:812,0
DA:820,0
DA:822,0
DA:823,0
DA:828,0
DA:829,0
DA:835,0
DA:838,0
DA:839,0
DA:840,0
DA:841,0
DA:849,0
DA:853,0
DA:854,0
DA:855,0
DA:857,0
DA:858,0
DA:859,0
DA:861,0
DA:862,0
DA:863,0
DA:865,0
DA:866,0
DA:867,0
DA:871,0
DA:872,0
DA:873,0
DA:874,0
DA:879,0
DA:884,0
DA:892,0
DA:893,0
DA:896,0
DA:897,0
DA:903,0
DA:906,0
DA:907,0
DA:910,0
DA:911,0
DA:917,0
DA:921,0
DA:922,0
DA:923,0
DA:926,0
DA:927,0
DA:928,0
DA:932,0
DA:933,0
DA:934,0
DA:937,0
DA:938,0
DA:939,0
DA:943,0
DA:944,0
DA:945,0
DA:949,0
DA:950,0
DA:951,0
DA:955,0
DA:956,0
DA:957,0
DA:961,0
DA:962,0
DA:963,0
DA:967,0
DA:968,0
DA:969,0
DA:973,0
DA:974,0
DA:975,0
DA:979,0
DA:980,0
DA:981,0
DA:985,0
DA:986,0
DA:987,0
DA:990,0
DA:991,0
DA:994,0
DA:995,0
DA:997,0
DA:1008,0
DA:1017,0
DA:1018,0
DA:1019,0
DA:1021,0
DA:1022,0
DA:1023,0
DA:1024,0
DA:1026,0
DA:1040,0
DA:1054,0
DA:1058,0
DA:1059,0
DA:1060,0
DA:1061,0
DA:1063,0
DA:1068,0
DA:1069,0
DA:1070,0
DA:1071,0
DA:1073,0
DA:1078,0
DA:1079,0
DA:1080,0
DA:1081,0
DA:1083,0
DA:1091,0
DA:1092,0
DA:1096,0
DA:1097,0
DA:1101,0
DA:1102,0
DA:1106,0
DA:1107,0
DA:1108,0
DA:1109,0
DA:1111,0
DA:1124,0
DA:1125,0
DA:1130,0
DA:1131,0
DA:1133,0
DA:1134,0
DA:1135,0
DA:1138,0
DA:1139,0
DA:1141,0
DA:1143,0
DA:1148,0
DA:1150,0
DA:1151,0
DA:1153,0
DA:1154,0
DA:1161,0
DA:1162,0
DA:1163,0
DA:1166,0
DA:1167,0
DA:1168,0
DA:1169,0
DA:1170,0
DA:1171,0
DA:1172,0
DA:1175,0
DA:1176,0
DA:1179,0
DA:1180,0
DA:1183,0
DA:1188,0
DA:1189,0
DA:1193,0
DA:1196,0
DA:1200,0
DA:1203,0
DA:1204,0
DA:1205,0
DA:1206,0
DA:1207,0
DA:1208,0
DA:1209,0
DA:1210,0
DA:1211,0
DA:1218,0
DA:1219,0
DA:1225,0
DA:1226,0
DA:1230,0
DA:1231,0
DA:1235,0
DA:1236,0
DA:1240,0
DA:1241,0
DA:1242,0
DA:1244,0
DA:1246,0
DA:1248,0
DA:1249,0
DA:1251,0
DA:1255,0
DA:1256,0
DA:1257,0
DA:1258,0
DA:1259,0
DA:1260,0
DA:1270,0
DA:1271,0
DA:1272,0
DA:1274,0
DA:1275,0
DA:1279,0
DA:1280,0
DA:1281,0
DA:1282,0
DA:1283,0
DA:1285,0
DA:1286,0
LF:507
LH:0
BRDA:8,0,0,0
BRDA:8,0,1,0
BRDA:12,1,0,0
BRDA:12,1,1,0
BRDA:12,2,0,0
BRDA:12,2,1,0
BRDA:12,2,2,0
BRDA:44,3,0,0
BRDA:44,3,1,0
BRDA:47,4,0,0
BRDA:49,5,0,0
BRDA:49,5,1,0
BRDA:54,6,0,0
BRDA:54,7,0,0
BRDA:54,8,0,0
BRDA:55,9,0,0
BRDA:55,9,1,0
BRDA:55,10,0,0
BRDA:55,10,1,0
BRDA:58,11,0,0
BRDA:58,11,1,0
BRDA:62,12,0,0
BRDA:62,12,1,0
BRDA:62,13,0,0
BRDA:62,13,1,0
BRDA:66,14,0,0
BRDA:66,14,1,0
BRDA:67,15,0,0
BRDA:67,15,1,0
BRDA:67,16,0,0
BRDA:67,16,1,0
BRDA:85,17,0,0
BRDA:85,17,1,0
BRDA:92,18,0,0
BRDA:92,18,1,0
BRDA:92,19,0,0
BRDA:92,19,1,0
BRDA:94,20,0,0
BRDA:94,20,1,0
BRDA:94,21,0,0
BRDA:94,21,1,0
BRDA:94,21,2,0
BRDA:94,21,3,0
BRDA:96,22,0,0
BRDA:96,22,1,0
BRDA:99,23,0,0
BRDA:99,23,1,0
BRDA:106,24,0,0
BRDA:106,24,1,0
BRDA:107,25,0,0
BRDA:107,25,1,0
BRDA:116,26,0,0
BRDA:116,26,1,0
BRDA:116,27,0,0
BRDA:116,27,1,0
BRDA:120,28,0,0
BRDA:120,28,1,0
BRDA:120,29,0,0
BRDA:120,29,1,0
BRDA:120,29,2,0
BRDA:120,29,3,0
BRDA:134,30,0,0
BRDA:134,30,1,0
BRDA:157,31,0,0
BRDA:157,31,1,0
BRDA:167,32,0,0
BRDA:167,32,1,0
BRDA:167,33,0,0
BRDA:167,33,1,0
BRDA:169,34,0,0
BRDA:169,34,1,0
BRDA:169,35,0,0
BRDA:169,35,1,0
BRDA:178,36,0,0
BRDA:178,36,1,0
BRDA:204,37,0,0
BRDA:204,37,1,0
BRDA:244,38,0,0
BRDA:244,38,1,0
BRDA:254,39,0,0
BRDA:254,39,1,0
BRDA:264,40,0,0
BRDA:264,40,1,0
BRDA:266,41,0,0
BRDA:266,41,1,0
BRDA:293,42,0,0
BRDA:293,42,1,0
BRDA:296,43,0,0
BRDA:296,43,1,0
BRDA:296,44,0,0
BRDA:296,44,1,0
BRDA:304,45,0,0
BRDA:304,45,1,0
BRDA:304,46,0,0
BRDA:304,46,1,0
BRDA:312,47,0,0
BRDA:312,47,1,0
BRDA:312,48,0,0
BRDA:312,48,1,0
BRDA:324,49,0,0
BRDA:324,49,1,0
BRDA:339,50,0,0
BRDA:339,50,1,0
BRDA:340,51,0,0
BRDA:340,51,1,0
BRDA:384,52,0,0
BRDA:384,52,1,0
BRDA:384,53,0,0
BRDA:384,53,1,0
BRDA:387,54,0,0
BRDA:387,54,1,0
BRDA:418,55,0,0
BRDA:418,55,1,0
BRDA:424,56,0,0
BRDA:424,56,1,0
BRDA:455,57,0,0
BRDA:455,57,1,0
BRDA:455,58,0,0
BRDA:455,58,1,0
BRDA:457,59,0,0
BRDA:457,59,1,0
BRDA:485,60,0,0
BRDA:485,60,1,0
BRDA:494,61,0,0
BRDA:494,61,1,0
BRDA:494,62,0,0
BRDA:494,62,1,0
BRDA:496,63,0,0
BRDA:496,63,1,0
BRDA:548,64,0,0
BRDA:548,64,1,0
BRDA:557,65,0,0
BRDA:557,65,1,0
BRDA:557,66,0,0
BRDA:557,66,1,0
BRDA:558,67,0,0
BRDA:558,67,1,0
BRDA:572,68,0,0
BRDA:572,68,1,0
BRDA:615,69,0,0
BRDA:615,69,1,0
BRDA:615,70,0,0
BRDA:615,70,1,0
BRDA:632,71,0,0
BRDA:632,71,1,0
BRDA:639,72,0,0
BRDA:639,72,1,0
BRDA:639,73,0,0
BRDA:639,73,1,0
BRDA:675,74,0,0
BRDA:675,74,1,0
BRDA:678,75,0,0
BRDA:678,75,1,0
BRDA:710,76,0,0
BRDA:710,76,1,0
BRDA:713,77,0,0
BRDA:713,77,1,0
BRDA:737,78,0,0
BRDA:737,78,1,0
BRDA:737,79,0,0
BRDA:737,79,1,0
BRDA:738,80,0,0
BRDA:738,80,1,0
BRDA:741,81,0,0
BRDA:741,81,1,0
BRDA:754,82,0,0
BRDA:754,82,1,0
BRDA:754,83,0,0
BRDA:754,83,1,0
BRDA:759,84,0,0
BRDA:759,84,1,0
BRDA:759,85,0,0
BRDA:759,85,1,0
BRDA:759,85,2,0
BRDA:781,86,0,0
BRDA:781,86,1,0
BRDA:781,87,0,0
BRDA:781,87,1,0
BRDA:786,88,0,0
BRDA:786,88,1,0
BRDA:786,89,0,0
BRDA:786,89,1,0
BRDA:786,89,2,0
BRDA:808,90,0,0
BRDA:808,90,1,0
BRDA:809,91,0,0
BRDA:809,91,1,0
BRDA:811,92,0,0
BRDA:811,92,1,0
BRDA:811,93,0,0
BRDA:811,93,1,0
BRDA:838,94,0,0
BRDA:838,94,1,0
BRDA:838,95,0,0
BRDA:838,95,1,0
BRDA:840,96,0,0
BRDA:840,96,1,0
BRDA:840,97,0,0
BRDA:840,97,1,0
BRDA:840,97,2,0
BRDA:855,98,0,0
BRDA:855,98,1,0
BRDA:863,99,0,0
BRDA:863,99,1,0
BRDA:871,100,0,0
BRDA:871,100,1,0
BRDA:873,101,0,0
BRDA:873,101,1,0
BRDA:896,102,0,0
BRDA:896,102,1,0
BRDA:896,103,0,0
BRDA:896,103,1,0
BRDA:910,104,0,0
BRDA:910,104,1,0
BRDA:910,105,0,0
BRDA:910,105,1,0
BRDA:1019,106,0,0
BRDA:1019,106,1,0
BRDA:1107,107,0,0
BRDA:1107,107,1,0
BRDA:1117,108,0,0
BRDA:1117,108,1,0
BRDA:1133,109,0,0
BRDA:1133,109,1,0
BRDA:1138,110,0,0
BRDA:1138,110,1,0
BRDA:1161,111,0,0
BRDA:1161,111,1,0
BRDA:1162,112,0,0
BRDA:1162,112,1,0
BRDA:1163,113,0,0
BRDA:1163,113,1,0
BRDA:1169,114,0,0
BRDA:1169,114,1,0
BRDA:1183,115,0,0
BRDA:1183,115,1,0
BRDA:1204,116,0,0
BRDA:1204,116,1,0
BRDA:1206,117,0,0
BRDA:1206,117,1,0
BRDA:1208,118,0,0
BRDA:1208,118,1,0
BRDA:1210,119,0,0
BRDA:1210,119,1,0
BRDA:1242,120,0,0
BRDA:1242,120,1,0
BRDA:1257,121,0,0
BRDA:1257,121,1,0
BRDA:1272,122,0,0
BRDA:1272,122,1,0
BRF:250
BRH:0
end_of_record
TN:
SF:src\main\menu-template.js
FN:4,sendAction
FN:10,createMenuTemplate
FN:18,(anonymous_2)
FN:23,(anonymous_3)
FN:29,(anonymous_4)
FN:34,(anonymous_5)
FN:43,(anonymous_6)
FN:49,(anonymous_7)
FN:57,(anonymous_8)
FN:103,(anonymous_9)
FN:113,(anonymous_10)
FN:118,(anonymous_11)
FN:123,(anonymous_12)
FN:129,(anonymous_13)
FN:138,(anonymous_14)
FN:143,(anonymous_15)
FN:148,(anonymous_16)
FN:153,(anonymous_17)
FN:158,(anonymous_18)
FN:163,(anonymous_19)
FN:175,(anonymous_20)
FN:180,(anonymous_21)
FN:186,(anonymous_22)
FN:190,(anonymous_23)
FN:194,(anonymous_24)
FN:200,(anonymous_25)
FN:214,(anonymous_26)
FN:219,(anonymous_27)
FN:231,(anonymous_28)
FN:237,(anonymous_29)
FN:249,(anonymous_30)
FN:259,(anonymous_31)
FN:271,(anonymous_32)
FN:281,(anonymous_33)
FN:286,(anonymous_34)
FN:290,(anonymous_35)
FN:296,(anonymous_36)
FN:301,(anonymous_37)
FN:307,(anonymous_38)
FN:312,(anonymous_39)
FN:320,(anonymous_40)
FN:324,(anonymous_41)
FN:331,(anonymous_42)
FN:335,(anonymous_43)
FN:340,(anonymous_44)
FN:353,(anonymous_45)
FN:357,(anonymous_46)
FN:361,(anonymous_47)
FN:365,(anonymous_48)
FN:374,(anonymous_49)
FN:378,(anonymous_50)
FN:382,(anonymous_51)
FN:386,(anonymous_52)
FN:393,(anonymous_53)
FN:398,(anonymous_54)
FN:408,(anonymous_55)
FN:412,(anonymous_56)
FN:417,(anonymous_57)
FNF:58
FNH:0
FNDA:0,sendAction
FNDA:0,createMenuTemplate
FNDA:0,(anonymous_2)
FNDA:0,(anonymous_3)
FNDA:0,(anonymous_4)
FNDA:0,(anonymous_5)
FNDA:0,(anonymous_6)
FNDA:0,(anonymous_7)
FNDA:0,(anonymous_8)
FNDA:0,(anonymous_9)
FNDA:0,(anonymous_10)
FNDA:0,(anonymous_11)
FNDA:0,(anonymous_12)
FNDA:0,(anonymous_13)
FNDA:0,(anonymous_14)
FNDA:0,(anonymous_15)
FNDA:0,(anonymous_16)
FNDA:0,(anonymous_17)
FNDA:0,(anonymous_18)
FNDA:0,(anonymous_19)
FNDA:0,(anonymous_20)
FNDA:0,(anonymous_21)
FNDA:0,(anonymous_22)
FNDA:0,(anonymous_23)
FNDA:0,(anonymous_24)
FNDA:0,(anonymous_25)
FNDA:0,(anonymous_26)
FNDA:0,(anonymous_27)
FNDA:0,(anonymous_28)
FNDA:0,(anonymous_29)
FNDA:0,(anonymous_30)
FNDA:0,(anonymous_31)
FNDA:0,(anonymous_32)
FNDA:0,(anonymous_33)
FNDA:0,(anonymous_34)
FNDA:0,(anonymous_35)
FNDA:0,(anonymous_36)
FNDA:0,(anonymous_37)
FNDA:0,(anonymous_38)
FNDA:0,(anonymous_39)
FNDA:0,(anonymous_40)
FNDA:0,(anonymous_41)
FNDA:0,(anonymous_42)
FNDA:0,(anonymous_43)
FNDA:0,(anonymous_44)
FNDA:0,(anonymous_45)
FNDA:0,(anonymous_46)
FNDA:0,(anonymous_47)
FNDA:0,(anonymous_48)
FNDA:0,(anonymous_49)
FNDA:0,(anonymous_50)
FNDA:0,(anonymous_51)
FNDA:0,(anonymous_52)
FNDA:0,(anonymous_53)
FNDA:0,(anonymous_54)
FNDA:0,(anonymous_55)
FNDA:0,(anonymous_56)
FNDA:0,(anonymous_57)
DA:5,0
DA:6,0
DA:11,0
DA:18,0
DA:23,0
DA:29,0
DA:34,0
DA:43,0
DA:49,0
DA:58,0
DA:59,0
DA:103,0
DA:113,0
DA:118,0
DA:123,0
DA:129,0
DA:138,0
DA:143,0
DA:148,0
DA:153,0
DA:158,0
DA:163,0
DA:175,0
DA:180,0
DA:186,0
DA:190,0
DA:194,0
DA:200,0
DA:214,0
DA:219,0
DA:231,0
DA:237,0
DA:250,0
DA:251,0
DA:260,0
DA:261,0
DA:271,0
DA:281,0
DA:286,0
DA:290,0
DA:296,0
DA:301,0
DA:307,0
DA:312,0
DA:320,0
DA:324,0
DA:331,0
DA:335,0
DA:340,0
DA:353,0
DA:357,0
DA:361,0
DA:365,0
DA:374,0
DA:378,0
DA:382,0
DA:386,0
DA:393,0
DA:398,0
DA:408,0
DA:412,0
DA:417,0
LF:62
LH:0
BRDA:5,0,0,0
BRDA:5,0,1,0
BRDA:5,1,0,0
BRDA:5,1,1,0
BRDA:58,2,0,0
BRDA:58,2,1,0
BRDA:58,3,0,0
BRDA:58,3,1,0
BRDA:250,4,0,0
BRDA:250,4,1,0
BRDA:260,5,0,0
BRDA:260,5,1,0
BRDA:348,6,0,0
BRDA:348,6,1,0
BRDA:351,7,0,0
BRDA:351,7,1,0
BRDA:356,8,0,0
BRDA:356,8,1,0
BRDA:360,9,0,0
BRDA:360,9,1,0
BRDA:364,10,0,0
BRDA:364,10,1,0
BRDA:370,11,0,0
BRDA:370,11,1,0
BRDA:373,12,0,0
BRDA:373,12,1,0
BRDA:377,13,0,0
BRDA:377,13,1,0
BRDA:381,14,0,0
BRDA:381,14,1,0
BRDA:385,15,0,0
BRDA:385,15,1,0
BRDA:392,16,0,0
BRDA:392,16,1,0
BRDA:397,17,0,0
BRDA:397,17,1,0
BRF:36
BRH:0
end_of_record
TN:
SF:src\main\update-manager.js
FN:15,(anonymous_0)
FN:28,(anonymous_1)
FN:40,(anonymous_2)
FN:45,(anonymous_3)
FN:63,(anonymous_4)
FN:69,(anonymous_5)
FN:78,(anonymous_6)
FN:96,(anonymous_7)
FN:103,(anonymous_8)
FN:109,(anonymous_9)
FN:118,(anonymous_10)
FN:125,(anonymous_11)
FN:142,(anonymous_12)
FN:156,(anonymous_13)
FN:157,(anonymous_14)
FN:174,(anonymous_15)
FN:181,(anonymous_16)
FN:194,(anonymous_17)
FN:207,(anonymous_18)
FN:208,(anonymous_19)
FN:212,(anonymous_20)
FN:213,(anonymous_21)
FN:222,(anonymous_22)
FN:251,(anonymous_23)
FN:269,(anonymous_24)
FN:314,(anonymous_25)
FN:341,(anonymous_26)
FN:358,(anonymous_27)
FN:365,(anonymous_28)
FN:379,(anonymous_29)
FN:393,(anonymous_30)
FN:407,(anonymous_31)
FNF:32
FNH:0
FNDA:0,(anonymous_0)
FNDA:0,(anonymous_1)
FNDA:0,(anonymous_2)
FNDA:0,(anonymous_3)
FNDA:0,(anonymous_4)
FNDA:0,(anonymous_5)
FNDA:0,(anonymous_6)
FNDA:0,(anonymous_7)
FNDA:0,(anonymous_8)
FNDA:0,(anonymous_9)
FNDA:0,(anonymous_10)
FNDA:0,(anonymous_11)
FNDA:0,(anonymous_12)
FNDA:0,(anonymous_13)
FNDA:0,(anonymous_14)
FNDA:0,(anonymous_15)
FNDA:0,(anonymous_16)
FNDA:0,(anonymous_17)
FNDA:0,(anonymous_18)
FNDA:0,(anonymous_19)
FNDA:0,(anonymous_20)
FNDA:0,(anonymous_21)
FNDA:0,(anonymous_22)
FNDA:0,(anonymous_23)
FNDA:0,(anonymous_24)
FNDA:0,(anonymous_25)
FNDA:0,(anonymous_26)
FNDA:0,(anonymous_27)
FNDA:0,(anonymous_28)
FNDA:0,(anonymous_29)
FNDA:0,(anonymous_30)
FNDA:0,(anonymous_31)
DA:8,0
DA:11,0
DA:12,0
DA:16,0
DA:17,0
DA:18,0
DA:19,0
DA:20,0
DA:21,0
DA:22,0
DA:23,0
DA:24,0
DA:29,0
DA:30,0
DA:31,0
DA:32,0
DA:34,0
DA:35,0
DA:41,0
DA:47,0
DA:48,0
DA:49,0
DA:52,0
DA:58,0
DA:59,0
DA:63,0
DA:64,0
DA:65,0
DA:66,0
DA:69,0
DA:70,0
DA:71,0
DA:72,0
DA:73,0
DA:74,0
DA:75,0
DA:78,0
DA:79,0
DA:80,0
DA:81,0
DA:82,0
DA:85,0
DA:86,0
DA:87,0
DA:88,0
DA:90,0
DA:93,0
DA:96,0
DA:97,0
DA:98,0
DA:99,0
DA:100,0
DA:103,0
DA:104,0
DA:105,0
DA:106,0
DA:109,0
DA:110,0
DA:111,0
DA:112,0
DA:113,0
DA:119,0
DA:120,0
DA:126,0
DA:127,0
DA:129,0
DA:130,0
DA:134,0
DA:137,0
DA:138,0
DA:140,0
DA:141,0
DA:142,0
DA:143,0
DA:144,0
DA:146,0
DA:149,0
DA:150,0
DA:151,0
DA:154,0
DA:157,0
DA:161,0
DA:162,0
DA:164,0
DA:166,0
DA:167,0
DA:168,0
DA:169,0
DA:175,0
DA:176,0
DA:177,0
DA:181,0
DA:182,0
DA:183,0
DA:184,0
DA:185,0
DA:187,0
DA:188,0
DA:195,0
DA:202,0
DA:203,0
DA:208,0
DA:209,0
DA:210,0
DA:212,0
DA:213,0
DA:214,0
DA:215,0
DA:217,0
DA:223,0
DA:224,0
DA:227,0
DA:228,0
DA:231,0
DA:232,0
DA:233,0
DA:236,0
DA:239,0
DA:240,0
DA:242,0
DA:244,0
DA:245,0
DA:246,0
DA:252,0
DA:254,0
DA:265,0
DA:270,0
DA:271,0
DA:275,0
DA:276,0
DA:277,0
DA:284,0
DA:287,0
DA:288,0
DA:291,0
DA:301,0
DA:302,0
DA:303,0
DA:305,0
DA:308,0
DA:309,0
DA:315,0
DA:317,0
DA:328,0
DA:330,0
DA:331,0
DA:333,0
DA:335,0
DA:336,0
DA:342,0
DA:344,0
DA:355,0
DA:357,0
DA:358,0
DA:359,0
DA:366,0
DA:368,0
DA:380,0
DA:382,0
DA:394,0
DA:396,0
DA:408,0
LF:162
LH:0
BRDA:32,0,0,0
BRDA:32,0,1,0
BRDA:58,1,0,0
BRDA:58,1,1,0
BRDA:85,2,0,0
BRDA:85,2,1,0
BRDA:118,3,0,0
BRDA:119,4,0,0
BRDA:119,4,1,0
BRDA:119,5,0,0
BRDA:119,5,1,0
BRDA:127,6,0,0
BRDA:127,6,1,0
BRDA:129,7,0,0
BRDA:129,7,1,0
BRDA:140,8,0,0
BRDA:140,8,1,0
BRDA:175,9,0,0
BRDA:175,9,1,0
BRDA:223,10,0,0
BRDA:223,10,1,0
BRDA:223,11,0,0
BRDA:223,11,1,0
BRDA:232,12,0,0
BRDA:232,12,1,0
BRDA:252,13,0,0
BRDA:252,13,1,0
BRDA:252,14,0,0
BRDA:252,14,1,0
BRDA:270,15,0,0
BRDA:270,15,1,0
BRDA:275,16,0,0
BRDA:275,16,1,0
BRDA:301,17,0,0
BRDA:301,17,1,0
BRDA:315,18,0,0
BRDA:315,18,1,0
BRDA:315,19,0,0
BRDA:315,19,1,0
BRDA:328,20,0,0
BRDA:328,20,1,0
BRDA:328,20,2,0
BRDA:342,21,0,0
BRDA:342,21,1,0
BRDA:342,22,0,0
BRDA:342,22,1,0
BRDA:355,23,0,0
BRDA:355,23,1,0
BRDA:366,24,0,0
BRDA:366,24,1,0
BRDA:366,25,0,0
BRDA:366,25,1,0
BRDA:380,26,0,0
BRDA:380,26,1,0
BRDA:380,27,0,0
BRDA:380,27,1,0
BRDA:394,28,0,0
BRDA:394,28,1,0
BRDA:394,29,0,0
BRDA:394,29,1,0
BRF:60
BRH:0
end_of_record
TN:
SF:src\renderer\about-dialog.js
FN:7,createAboutDialog
FN:63,(anonymous_1)
FN:67,(anonymous_2)
FN:73,showAboutDialog
FN:78,hideAboutDialog
FN:87,bindAboutMenu
FN:90,(anonymous_6)
FNF:7
FNH:0
FNDA:0,createAboutDialog
FNDA:0,(anonymous_1)
FNDA:0,(anonymous_2)
FNDA:0,showAboutDialog
FNDA:0,hideAboutDialog
FNDA:0,bindAboutMenu
FNDA:0,(anonymous_6)
DA:8,0
DA:11,0
DA:12,0
DA:13,0
DA:14,0
DA:17,0
DA:18,0
DA:21,0
DA:22,0
DA:24,0
DA:25,0
DA:27,0
DA:28,0
DA:29,0
DA:30,0
DA:31,0
DA:32,0
DA:34,0
DA:35,0
DA:38,0
DA:39,0
DA:41,0
DA:43,0
DA:45,0
DA:46,0
DA:48,0
DA:49,0
DA:50,0
DA:51,0
DA:52,0
DA:54,0
DA:55,0
DA:56,0
DA:58,0
DA:59,0
DA:60,0
DA:61,0
DA:63,0
DA:64,0
DA:67,0
DA:68,0
DA:74,0
DA:75,0
DA:79,0
DA:80,0
DA:88,0
DA:89,0
DA:90,0
LF:48
LH:0
BRDA:7,0,0,0
BRDA:8,1,0,0
BRDA:8,1,1,0
BRDA:8,2,0,0
BRDA:8,2,1,0
BRDA:68,3,0,0
BRDA:68,3,1,0
BRDA:75,4,0,0
BRDA:75,4,1,0
BRDA:80,5,0,0
BRDA:80,5,1,0
BRDA:88,6,0,0
BRDA:88,6,1,0
BRDA:88,7,0,0
BRDA:88,7,1,0
BRF:15
BRH:0
end_of_record
TN:
SF:src\renderer\ai-claude.js
FN:2,(anonymous_0)
FN:10,callClaudeAPI
FNF:2
FNH:0
FNDA:0,(anonymous_0)
FNDA:0,callClaudeAPI
DA:2,0
DA:3,0
DA:5,0
DA:6,0
DA:7,0
DA:11,0
DA:12,0
DA:15,0
DA:17,0
DA:18,0
DA:19,0
DA:21,0
DA:22,0
DA:23,0
DA:25,0
DA:26,0
DA:27,0
DA:29,0
DA:30,0
DA:31,0
DA:33,0
DA:34,0
DA:35,0
DA:37,0
DA:38,0
DA:39,0
DA:41,0
DA:42,0
DA:43,0
DA:45,0
DA:46,0
DA:47,0
DA:49,0
DA:50,0
DA:51,0
DA:53,0
DA:54,0
DA:55,0
DA:57,0
DA:58,0
DA:61,0
DA:74,0
DA:75,0
DA:85,0
DA:86,0
DA:87,0
DA:90,0
DA:96,0
DA:97,0
DA:101,0
DA:102,0
DA:105,0
DA:106,0
DA:108,0
DA:109,0
DA:114,0
LF:56
LH:0
BRDA:3,0,0,0
BRDA:3,0,1,0
BRDA:10,1,0,0
BRDA:15,2,0,0
BRDA:15,2,1,0
BRDA:15,2,2,0
BRDA:15,2,3,0
BRDA:15,2,4,0
BRDA:15,2,5,0
BRDA:15,2,6,0
BRDA:15,2,7,0
BRDA:15,2,8,0
BRDA:15,2,9,0
BRDA:15,2,10,0
BRDA:85,3,0,0
BRDA:85,3,1,0
BRDA:96,4,0,0
BRDA:96,4,1,0
BRDA:96,5,0,0
BRDA:96,5,1,0
BRDA:96,5,2,0
BRDA:101,6,0,0
BRDA:101,6,1,0
BRDA:102,7,0,0
BRDA:102,7,1,0
BRF:25
BRH:0
end_of_record
TN:
SF:src\renderer\ai-custom-dialog.js
FN:6,createAICustomDialog
FN:47,(anonymous_1)
FN:53,(anonymous_2)
FN:58,(anonymous_3)
FN:71,setupAICustomDialogEvents
FN:80,(anonymous_5)
FN:88,(anonymous_6)
FN:96,(anonymous_7)
FN:110,(anonymous_8)
FN:118,(anonymous_9)
FN:129,(anonymous_10)
FN:144,executeCustomAICommand
FN:170,addAICustomStyles
FNF:13
FNH:0
FNDA:0,createAICustomDialog
FNDA:0,(anonymous_1)
FNDA:0,(anonymous_2)
FNDA:0,(anonymous_3)
FNDA:0,setupAICustomDialogEvents
FNDA:0,(anonymous_5)
FNDA:0,(anonymous_6)
FNDA:0,(anonymous_7)
FNDA:0,(anonymous_8)
FNDA:0,(anonymous_9)
FNDA:0,(anonymous_10)
FNDA:0,executeCustomAICommand
FNDA:0,addAICustomStyles
DA:7,0
DA:41,0
DA:44,0
DA:46,0
DA:48,0
DA:49,0
DA:50,0
DA:51,0
DA:53,0
DA:54,0
DA:59,0
DA:60,0
DA:61,0
DA:62,0
DA:64,0
DA:72,0
DA:73,0
DA:74,0
DA:75,0
DA:76,0
DA:79,0
DA:80,0
DA:81,0
DA:82,0
DA:87,0
DA:88,0
DA:89,0
DA:90,0
DA:95,0
DA:96,0
DA:97,0
DA:98,0
DA:100,0
DA:102,0
DA:103,0
DA:109,0
DA:110,0
DA:111,0
DA:112,0
DA:118,0
DA:119,0
DA:120,0
DA:121,0
DA:122,0
DA:128,0
DA:129,0
DA:130,0
DA:131,0
DA:132,0
DA:133,0
DA:134,0
DA:135,0
DA:136,0
DA:145,0
DA:148,0
DA:150,0
DA:151,0
DA:152,0
DA:154,0
DA:159,0
DA:160,0
DA:162,0
DA:163,0
DA:164,0
DA:171,0
DA:172,0
DA:360,0
LF:67
LH:0
BRDA:50,0,0,0
BRDA:50,0,1,0
BRDA:54,1,0,0
BRDA:54,1,1,0
BRDA:61,2,0,0
BRDA:61,2,1,0
BRDA:64,3,0,0
BRDA:64,3,1,0
BRDA:79,4,0,0
BRDA:79,4,1,0
BRDA:82,5,0,0
BRDA:82,5,1,0
BRDA:87,6,0,0
BRDA:87,6,1,0
BRDA:90,7,0,0
BRDA:90,7,1,0
BRDA:95,8,0,0
BRDA:95,8,1,0
BRDA:98,9,0,0
BRDA:98,9,1,0
BRDA:103,10,0,0
BRDA:103,10,1,0
BRDA:109,11,0,0
BRDA:109,11,1,0
BRDA:111,12,0,0
BRDA:111,12,1,0
BRDA:119,13,0,0
BRDA:119,13,1,0
BRDA:121,14,0,0
BRDA:121,14,1,0
BRDA:121,15,0,0
BRDA:121,15,1,0
BRDA:128,16,0,0
BRDA:128,16,1,0
BRDA:130,17,0,0
BRDA:130,17,1,0
BRDA:130,18,0,0
BRDA:130,18,1,0
BRDA:130,18,2,0
BRDA:133,19,0,0
BRDA:133,19,1,0
BRDA:136,20,0,0
BRDA:136,20,1,0
BRDA:148,21,0,0
BRDA:148,21,1,0
BRDA:150,22,0,0
BRDA:150,22,1,0
BRDA:151,23,0,0
BRDA:151,23,1,0
BRDA:159,24,0,0
BRDA:159,24,1,0
BRDA:163,25,0,0
BRDA:163,25,1,0
BRF:53
BRH:0
end_of_record
TN:
SF:src\renderer\ai-gemini.js
FN:2,(anonymous_0)
FN:9,restoreEditorFocus
FN:11,(anonymous_2)
FN:26,ensureStyles
FN:240,loadConfig
FN:251,saveConfig
FN:262,showSetupDialog
FN:287,(anonymous_7)
FN:302,(anonymous_8)
FN:306,(anonymous_9)
FN:311,(anonymous_10)
FN:342,(anonymous_11)
FN:353,showResultWindow
FN:371,(anonymous_13)
FN:379,(anonymous_14)
FN:385,(anonymous_15)
FN:408,(anonymous_16)
FN:426,(anonymous_17)
FN:432,(anonymous_18)
FN:441,(anonymous_19)
FN:455,getSelectedText
FN:473,callGeminiAPI
FN:570,handleAIButtonClick
FN:616,updateToolbar
FNF:24
FNH:0
FNDA:0,(anonymous_0)
FNDA:0,restoreEditorFocus
FNDA:0,(anonymous_2)
FNDA:0,ensureStyles
FNDA:0,loadConfig
FNDA:0,saveConfig
FNDA:0,showSetupDialog
FNDA:0,(anonymous_7)
FNDA:0,(anonymous_8)
FNDA:0,(anonymous_9)
FNDA:0,(anonymous_10)
FNDA:0,(anonymous_11)
FNDA:0,showResultWindow
FNDA:0,(anonymous_13)
FNDA:0,(anonymous_14)
FNDA:0,(anonymous_15)
FNDA:0,(anonymous_16)
FNDA:0,(anonymous_17)
FNDA:0,(anonymous_18)
FNDA:0,(anonymous_19)
FNDA:0,getSelectedText
FNDA:0,callGeminiAPI
FNDA:0,handleAIButtonClick
FNDA:0,updateToolbar
DA:2,0
DA:3,0
DA:6,0
DA:11,0
DA:12,0
DA:13,0
DA:14,0
DA:17,0
DA:18,0
DA:19,0
DA:27,0
DA:28,0
DA:29,0
DA:30,0
DA:236,0
DA:241,0
DA:242,0
DA:243,0
DA:245,0
DA:246,0
DA:252,0
DA:253,0
DA:254,0
DA:256,0
DA:257,0
DA:263,0
DA:264,0
DA:265,0
DA:266,0
DA:267,0
DA:284,0
DA:287,0
DA:288,0
DA:290,0
DA:293,0
DA:294,0
DA:297,0
DA:302,0
DA:303,0
DA:306,0
DA:307,0
DA:310,0
DA:311,0
DA:312,0
DA:313,0
DA:315,0
DA:316,0
DA:317,0
DA:321,0
DA:322,0
DA:323,0
DA:326,0
DA:327,0
DA:329,0
DA:330,0
DA:331,0
DA:333,0
DA:339,0
DA:342,0
DA:343,0
DA:344,0
DA:345,0
DA:349,0
DA:354,0
DA:355,0
DA:356,0
DA:357,0
DA:358,0
DA:368,0
DA:371,0
DA:372,0
DA:373,0
DA:375,0
DA:379,0
DA:380,0
DA:382,0
DA:385,0
DA:386,0
DA:387,0
DA:388,0
DA:390,0
DA:392,0
DA:393,0
DA:394,0
DA:395,0
DA:397,0
DA:403,0
DA:404,0
DA:405,0
DA:408,0
DA:409,0
DA:412,0
DA:415,0
DA:416,0
DA:417,0
DA:418,0
DA:419,0
DA:420,0
DA:421,0
DA:422,0
DA:423,0
DA:425,0
DA:426,0
DA:427,0
DA:430,0
DA:431,0
DA:432,0
DA:433,0
DA:440,0
DA:441,0
DA:442,0
DA:443,0
DA:444,0
DA:445,0
DA:450,0
DA:451,0
DA:456,0
DA:457,0
DA:458,0
DA:462,0
DA:463,0
DA:464,0
DA:465,0
DA:466,0
DA:469,0
DA:474,0
DA:476,0
DA:495,0
DA:496,0
DA:504,0
DA:505,0
DA:506,0
DA:509,0
DA:515,0
DA:516,0
DA:519,0
DA:520,0
DA:524,0
DA:525,0
DA:529,0
DA:530,0
DA:534,0
DA:535,0
DA:539,0
DA:541,0
DA:545,0
DA:546,0
DA:547,0
DA:548,0
DA:549,0
DA:550,0
DA:552,0
DA:557,0
DA:558,0
DA:561,0
DA:562,0
DA:564,0
DA:565,0
DA:571,0
DA:574,0
DA:575,0
DA:576,0
DA:580,0
DA:581,0
DA:582,0
DA:583,0
DA:587,0
DA:588,0
DA:589,0
DA:590,0
DA:592,0
DA:594,0
DA:597,0
DA:599,0
DA:600,0
DA:601,0
DA:602,0
DA:603,0
DA:605,0
DA:607,0
DA:610,0
DA:611,0
DA:617,0
DA:619,0
DA:620,0
DA:622,0
DA:623,0
DA:624,0
DA:625,0
DA:626,0
DA:629,0
DA:630,0
DA:632,0
DA:640,0
DA:641,0
DA:645,0
DA:646,0
DA:648,0
DA:652,0
DA:653,0
DA:654,0
LF:201
LH:0
BRDA:3,0,0,0
BRDA:3,0,1,0
BRDA:13,1,0,0
BRDA:13,1,1,0
BRDA:18,2,0,0
BRDA:18,2,1,0
BRDA:27,3,0,0
BRDA:27,3,1,0
BRDA:243,4,0,0
BRDA:243,4,1,0
BRDA:264,5,0,0
BRDA:264,5,1,0
BRDA:293,6,0,0
BRDA:293,6,1,0
BRDA:293,7,0,0
BRDA:293,7,1,0
BRDA:303,8,0,0
BRDA:303,8,1,0
BRDA:315,9,0,0
BRDA:315,9,1,0
BRDA:321,10,0,0
BRDA:321,10,1,0
BRDA:321,11,0,0
BRDA:321,11,1,0
BRDA:329,12,0,0
BRDA:329,12,1,0
BRDA:343,13,0,0
BRDA:343,13,1,0
BRDA:355,14,0,0
BRDA:355,14,1,0
BRDA:372,15,0,0
BRDA:372,15,1,0
BRDA:392,16,0,0
BRDA:392,16,1,0
BRDA:392,17,0,0
BRDA:392,17,1,0
BRDA:394,18,0,0
BRDA:394,18,1,0
BRDA:397,19,0,0
BRDA:397,19,1,0
BRDA:444,20,0,0
BRDA:444,20,1,0
BRDA:457,21,0,0
BRDA:457,21,1,0
BRDA:457,22,0,0
BRDA:457,22,1,0
BRDA:463,23,0,0
BRDA:463,23,1,0
BRDA:463,24,0,0
BRDA:463,24,1,0
BRDA:463,24,2,0
BRDA:504,25,0,0
BRDA:504,25,1,0
BRDA:515,26,0,0
BRDA:515,26,1,0
BRDA:515,27,0,0
BRDA:515,27,1,0
BRDA:519,28,0,0
BRDA:519,28,1,0
BRDA:519,29,0,0
BRDA:519,29,1,0
BRDA:519,29,2,0
BRDA:519,29,3,0
BRDA:524,30,0,0
BRDA:524,30,1,0
BRDA:524,31,0,0
BRDA:524,31,1,0
BRDA:529,32,0,0
BRDA:529,32,1,0
BRDA:529,33,0,0
BRDA:529,33,1,0
BRDA:534,34,0,0
BRDA:534,34,1,0
BRDA:539,35,0,0
BRDA:539,35,1,0
BRDA:539,36,0,0
BRDA:539,36,1,0
BRDA:539,36,2,0
BRDA:545,37,0,0
BRDA:545,37,1,0
BRDA:547,38,0,0
BRDA:547,38,1,0
BRDA:549,39,0,0
BRDA:549,39,1,0
BRDA:557,40,0,0
BRDA:557,40,1,0
BRDA:558,41,0,0
BRDA:558,41,1,0
BRDA:574,42,0,0
BRDA:574,42,1,0
BRDA:581,43,0,0
BRDA:581,43,1,0
BRDA:600,44,0,0
BRDA:600,44,1,0
BRDA:600,45,0,0
BRDA:600,45,1,0
BRDA:602,46,0,0
BRDA:602,46,1,0
BRDA:620,47,0,0
BRDA:620,47,1,0
BRDA:623,48,0,0
BRDA:623,48,1,0
BRDA:633,49,0,0
BRDA:633,49,1,0
BRDA:634,50,0,0
BRDA:634,50,1,0
BRDA:645,51,0,0
BRDA:645,51,1,0
BRDA:652,52,0,0
BRDA:652,52,1,0
BRF:110
BRH:0
end_of_record
TN:
SF:src\renderer\ai-integrated.js
FN:2,(anonymous_0)
FN:6,(anonymous_1)
FN:13,getTranslation
FN:79,restoreEditorFocus
FN:80,(anonymous_4)
FN:94,ensureStyles
FN:540,loadConfig
FN:557,saveConfig
FN:572,saveAISettings
FN:583,showSetupDialog
FN:638,(anonymous_10)
FN:640,(anonymous_11)
FN:646,(anonymous_12)
FN:656,(anonymous_13)
FN:667,(anonymous_14)
FN:674,(anonymous_15)
FN:680,(anonymous_16)
FN:733,(anonymous_17)
FN:757,showFilePathDialog
FN:786,showResultWindow
FN:816,(anonymous_20)
FN:823,(anonymous_21)
FN:829,(anonymous_22)
FN:839,(anonymous_23)
FN:849,(anonymous_24)
FN:868,(anonymous_25)
FN:885,(anonymous_26)
FN:891,(anonymous_27)
FN:898,(anonymous_28)
FN:913,(anonymous_29)
FN:951,convertWysiwygPositionToSourcePosition
FN:1001,findSourceEditor
FN:1052,detectEditorType
FN:1081,debugEditorDetection
FN:1107,(anonymous_34)
FN:1118,(anonymous_35)
FN:1131,waitForSourceEditor
FN:1151,(anonymous_37)
FN:1161,waitForSourceEditorWithObserver
FN:1162,(anonymous_39)
FN:1173,(anonymous_40)
FN:1199,(anonymous_41)
FN:1210,insertToSpecificEditor
FN:1304,insertViaClipboard
FN:1334,(anonymous_44)
FN:1335,(anonymous_45)
FN:1351,insertViaKeyboardEvent
FN:1395,insertToSourceWithFallback
FN:1471,convertSourcePositionToWysiwygPosition
FN:1507,convertToRichText
FN:1534,(anonymous_50)
FN:1545,insertTextAtCursor
FN:1563,(anonymous_52)
FN:1572,(anonymous_53)
FN:1603,(anonymous_54)
FN:1605,(anonymous_55)
FN:1622,replaceSelectedText
FN:1665,getSelectedText
FN:1682,getSelectedHTML
FN:1717,analyzeTextFormatting
FN:1730,(anonymous_60)
FN:1737,(anonymous_61)
FN:1779,syncToSourceEditor
FN:1815,syncToWysiwygEditor
FN:1831,isHTMLContent
FN:1838,cleanHTMLContent
FN:1845,(anonymous_66)
FN:1851,processAIResponse
FN:1880,(anonymous_68)
FN:1904,(anonymous_69)
FN:1936,detectAIActionType
FN:1951,insertProcessedAIContent
FN:2015,insertTextAfterSelection
FN:2056,appendProcessedAIContent
FN:2118,insertAIContentAtCursor
FN:2184,appendAIContentToDocument
FN:2239,appendToDocument
FN:2249,(anonymous_77)
FN:2258,(anonymous_78)
FN:2285,(anonymous_79)
FN:2287,(anonymous_80)
FN:2305,getSourceContent
FN:2337,createProcessingFile
FN:2397,validateFileSize
FN:2408,logAPIResponse
FN:2420,uploadFileToGemini
FN:2525,(anonymous_86)
FN:2551,deleteGeminiFile
FN:2576,callClaudeAPI
FN:2660,callGeminiAPI
FN:2795,(anonymous_90)
FN:2849,handleAIButtonClick
FN:2922,updateToolbar
FN:2949,retryWithBackoff
FN:2965,(anonymous_94)
FN:2978,(anonymous_95)
FN:3030,(anonymous_96)
FN:3064,(anonymous_97)
FN:3150,(anonymous_98)
FN:3175,estimateTokenCount
FN:3183,estimateOutputTokens
FN:3206,shouldOutputToFile
FN:3213,estimateContentComplexity
FN:3243,callGeminiDirectText
FN:3326,saveToFile
FNF:105
FNH:0
FNDA:0,(anonymous_0)
FNDA:0,(anonymous_1)
FNDA:0,getTranslation
FNDA:0,restoreEditorFocus
FNDA:0,(anonymous_4)
FNDA:0,ensureStyles
FNDA:0,loadConfig
FNDA:0,saveConfig
FNDA:0,saveAISettings
FNDA:0,showSetupDialog
FNDA:0,(anonymous_10)
FNDA:0,(anonymous_11)
FNDA:0,(anonymous_12)
FNDA:0,(anonymous_13)
FNDA:0,(anonymous_14)
FNDA:0,(anonymous_15)
FNDA:0,(anonymous_16)
FNDA:0,(anonymous_17)
FNDA:0,showFilePathDialog
FNDA:0,showResultWindow
FNDA:0,(anonymous_20)
FNDA:0,(anonymous_21)
FNDA:0,(anonymous_22)
FNDA:0,(anonymous_23)
FNDA:0,(anonymous_24)
FNDA:0,(anonymous_25)
FNDA:0,(anonymous_26)
FNDA:0,(anonymous_27)
FNDA:0,(anonymous_28)
FNDA:0,(anonymous_29)
FNDA:0,convertWysiwygPositionToSourcePosition
FNDA:0,findSourceEditor
FNDA:0,detectEditorType
FNDA:0,debugEditorDetection
FNDA:0,(anonymous_34)
FNDA:0,(anonymous_35)
FNDA:0,waitForSourceEditor
FNDA:0,(anonymous_37)
FNDA:0,waitForSourceEditorWithObserver
FNDA:0,(anonymous_39)
FNDA:0,(anonymous_40)
FNDA:0,(anonymous_41)
FNDA:0,insertToSpecificEditor
FNDA:0,insertViaClipboard
FNDA:0,(anonymous_44)
FNDA:0,(anonymous_45)
FNDA:0,insertViaKeyboardEvent
FNDA:0,insertToSourceWithFallback
FNDA:0,convertSourcePositionToWysiwygPosition
FNDA:0,convertToRichText
FNDA:0,(anonymous_50)
FNDA:0,insertTextAtCursor
FNDA:0,(anonymous_52)
FNDA:0,(anonymous_53)
FNDA:0,(anonymous_54)
FNDA:0,(anonymous_55)
FNDA:0,replaceSelectedText
FNDA:0,getSelectedText
FNDA:0,getSelectedHTML
FNDA:0,analyzeTextFormatting
FNDA:0,(anonymous_60)
FNDA:0,(anonymous_61)
FNDA:0,syncToSourceEditor
FNDA:0,syncToWysiwygEditor
FNDA:0,isHTMLContent
FNDA:0,cleanHTMLContent
FNDA:0,(anonymous_66)
FNDA:0,processAIResponse
FNDA:0,(anonymous_68)
FNDA:0,(anonymous_69)
FNDA:0,detectAIActionType
FNDA:0,insertProcessedAIContent
FNDA:0,insertTextAfterSelection
FNDA:0,appendProcessedAIContent
FNDA:0,insertAIContentAtCursor
FNDA:0,appendAIContentToDocument
FNDA:0,appendToDocument
FNDA:0,(anonymous_77)
FNDA:0,(anonymous_78)
FNDA:0,(anonymous_79)
FNDA:0,(anonymous_80)
FNDA:0,getSourceContent
FNDA:0,createProcessingFile
FNDA:0,validateFileSize
FNDA:0,logAPIResponse
FNDA:0,uploadFileToGemini
FNDA:0,(anonymous_86)
FNDA:0,deleteGeminiFile
FNDA:0,callClaudeAPI
FNDA:0,callGeminiAPI
FNDA:0,(anonymous_90)
FNDA:0,handleAIButtonClick
FNDA:0,updateToolbar
FNDA:0,retryWithBackoff
FNDA:0,(anonymous_94)
FNDA:0,(anonymous_95)
FNDA:0,(anonymous_96)
FNDA:0,(anonymous_97)
FNDA:0,(anonymous_98)
FNDA:0,estimateTokenCount
FNDA:0,estimateOutputTokens
FNDA:0,shouldOutputToFile
FNDA:0,estimateContentComplexity
FNDA:0,callGeminiDirectText
FNDA:0,saveToFile
DA:2,0
DA:3,0
DA:6,0
DA:7,0
DA:8,0
DA:9,0
DA:14,0
DA:15,0
DA:16,0
DA:48,0
DA:51,0
DA:70,0
DA:71,0
DA:72,0
DA:73,0
DA:74,0
DA:75,0
DA:76,0
DA:80,0
DA:81,0
DA:82,0
DA:83,0
DA:85,0
DA:86,0
DA:87,0
DA:95,0
DA:96,0
DA:97,0
DA:98,0
DA:536,0
DA:541,0
DA:542,0
DA:543,0
DA:544,0
DA:545,0
DA:551,0
DA:552,0
DA:558,0
DA:559,0
DA:560,0
DA:561,0
DA:562,0
DA:564,0
DA:566,0
DA:567,0
DA:573,0
DA:574,0
DA:575,0
DA:577,0
DA:578,0
DA:584,0
DA:586,0
DA:587,0
DA:588,0
DA:589,0
DA:590,0
DA:634,0
DA:637,0
DA:638,0
DA:639,0
DA:640,0
DA:641,0
DA:646,0
DA:647,0
DA:648,0
DA:649,0
DA:650,0
DA:652,0
DA:656,0
DA:657,0
DA:658,0
DA:659,0
DA:660,0
DA:662,0
DA:667,0
DA:668,0
DA:669,0
DA:670,0
DA:674,0
DA:675,0
DA:676,0
DA:679,0
DA:680,0
DA:681,0
DA:682,0
DA:683,0
DA:686,0
DA:687,0
DA:690,0
DA:691,0
DA:695,0
DA:696,0
DA:697,0
DA:698,0
DA:699,0
DA:701,0
DA:702,0
DA:703,0
DA:704,0
DA:710,0
DA:711,0
DA:712,0
DA:715,0
DA:718,0
DA:720,0
DA:721,0
DA:722,0
DA:725,0
DA:727,0
DA:733,0
DA:734,0
DA:735,0
DA:736,0
DA:739,0
DA:740,0
DA:741,0
DA:742,0
DA:746,0
DA:747,0
DA:748,0
DA:749,0
DA:753,0
DA:758,0
DA:759,0
DA:760,0
DA:782,0
DA:787,0
DA:788,0
DA:789,0
DA:790,0
DA:791,0
DA:813,0
DA:816,0
DA:817,0
DA:818,0
DA:819,0
DA:823,0
DA:824,0
DA:825,0
DA:829,0
DA:830,0
DA:831,0
DA:832,0
DA:833,0
DA:834,0
DA:835,0
DA:836,0
DA:839,0
DA:840,0
DA:841,0
DA:842,0
DA:843,0
DA:844,0
DA:845,0
DA:846,0
DA:849,0
DA:850,0
DA:851,0
DA:852,0
DA:854,0
DA:855,0
DA:856,0
DA:857,0
DA:858,0
DA:860,0
DA:863,0
DA:864,0
DA:865,0
DA:868,0
DA:869,0
DA:872,0
DA:874,0
DA:875,0
DA:876,0
DA:877,0
DA:878,0
DA:879,0
DA:880,0
DA:881,0
DA:882,0
DA:884,0
DA:885,0
DA:886,0
DA:889,0
DA:890,0
DA:891,0
DA:892,0
DA:898,0
DA:899,0
DA:901,0
DA:902,0
DA:903,0
DA:904,0
DA:905,0
DA:907,0
DA:912,0
DA:913,0
DA:914,0
DA:915,0
DA:916,0
DA:917,0
DA:923,0
DA:924,0
DA:927,0
DA:929,0
DA:936,0
DA:939,0
DA:940,0
DA:941,0
DA:944,0
DA:945,0
DA:947,0
DA:952,0
DA:953,0
DA:954,0
DA:958,0
DA:961,0
DA:962,0
DA:965,0
DA:967,0
DA:970,0
DA:972,0
DA:975,0
DA:976,0
DA:979,0
DA:980,0
DA:981,0
DA:985,0
DA:986,0
DA:987,0
DA:992,0
DA:995,0
DA:996,0
DA:1003,0
DA:1023,0
DA:1024,0
DA:1025,0
DA:1026,0
DA:1027,0
DA:1031,0
DA:1036,0
DA:1037,0
DA:1039,0
DA:1043,0
DA:1044,0
DA:1045,0
DA:1048,0
DA:1054,0
DA:1055,0
DA:1058,0
DA:1059,0
DA:1062,0
DA:1063,0
DA:1066,0
DA:1067,0
DA:1070,0
DA:1071,0
DA:1074,0
DA:1075,0
DA:1077,0
DA:1082,0
DA:1083,0
DA:1086,0
DA:1087,0
DA:1090,0
DA:1091,0
DA:1093,0
DA:1094,0
DA:1105,0
DA:1106,0
DA:1107,0
DA:1108,0
DA:1116,0
DA:1117,0
DA:1118,0
DA:1119,0
DA:1126,0
DA:1132,0
DA:1133,0
DA:1135,0
DA:1136,0
DA:1137,0
DA:1138,0
DA:1139,0
DA:1141,0
DA:1145,0
DA:1146,0
DA:1147,0
DA:1151,0
DA:1154,0
DA:1155,0
DA:1157,0
DA:1162,0
DA:1163,0
DA:1166,0
DA:1167,0
DA:1168,0
DA:1169,0
DA:1173,0
DA:1174,0
DA:1175,0
DA:1176,0
DA:1177,0
DA:1180,0
DA:1181,0
DA:1182,0
DA:1183,0
DA:1184,0
DA:1186,0
DA:1191,0
DA:1199,0
DA:1200,0
DA:1201,0
DA:1202,0
DA:1204,0
DA:1211,0
DA:1212,0
DA:1214,0
DA:1215,0
DA:1223,0
DA:1225,0
DA:1226,0
DA:1227,0
DA:1228,0
DA:1229,0
DA:1230,0
DA:1231,0
DA:1236,0
DA:1238,0
DA:1239,0
DA:1240,0
DA:1241,0
DA:1244,0
DA:1249,0
DA:1250,0
DA:1251,0
DA:1252,0
DA:1253,0
DA:1254,0
DA:1255,0
DA:1260,0
DA:1261,0
DA:1262,0
DA:1265,0
DA:1266,0
DA:1267,0
DA:1270,0
DA:1271,0
DA:1274,0
DA:1275,0
DA:1277,0
DA:1281,0
DA:1282,0
DA:1283,0
DA:1285,0
DA:1286,0
DA:1287,0
DA:1290,0
DA:1291,0
DA:1293,0
DA:1296,0
DA:1298,0
DA:1299,0
DA:1305,0
DA:1307,0
DA:1308,0
DA:1309,0
DA:1310,0
DA:1317,0
DA:1318,0
DA:1321,0
DA:1322,0
DA:1323,0
DA:1328,0
DA:1330,0
DA:1333,0
DA:1334,0
DA:1335,0
DA:1339,0
DA:1343,0
DA:1345,0
DA:1346,0
DA:1352,0
DA:1353,0
DA:1354,0
DA:1355,0
DA:1359,0
DA:1360,0
DA:1367,0
DA:1370,0
DA:1371,0
DA:1372,0
DA:1373,0
DA:1374,0
DA:1379,0
DA:1385,0
DA:1387,0
DA:1389,0
DA:1390,0
DA:1396,0
DA:1397,0
DA:1398,0
DA:1401,0
DA:1403,0
DA:1404,0
DA:1405,0
DA:1406,0
DA:1408,0
DA:1412,0
DA:1413,0
DA:1415,0
DA:1416,0
DA:1417,0
DA:1418,0
DA:1420,0
DA:1424,0
DA:1425,0
DA:1427,0
DA:1428,0
DA:1429,0
DA:1430,0
DA:1432,0
DA:1436,0
DA:1437,0
DA:1439,0
DA:1440,0
DA:1441,0
DA:1443,0
DA:1447,0
DA:1448,0
DA:1450,0
DA:1451,0
DA:1452,0
DA:1454,0
DA:1458,0
DA:1459,0
DA:1461,0
DA:1464,0
DA:1465,0
DA:1472,0
DA:1473,0
DA:1474,0
DA:1478,0
DA:1479,0
DA:1480,0
DA:1483,0
DA:1484,0
DA:1487,0
DA:1488,0
DA:1489,0
DA:1492,0
DA:1493,0
DA:1495,0
DA:1497,0
DA:1498,0
DA:1501,0
DA:1502,0
DA:1508,0
DA:1511,0
DA:1534,0
DA:1535,0
DA:1536,0
DA:1538,0
DA:1541,0
DA:1546,0
DA:1547,0
DA:1550,0
DA:1551,0
DA:1552,0
DA:1553,0
DA:1554,0
DA:1558,0
DA:1560,0
DA:1562,0
DA:1563,0
DA:1564,0
DA:1566,0
DA:1567,0
DA:1568,0
DA:1569,0
DA:1570,0
DA:1572,0
DA:1573,0
DA:1577,0
DA:1582,0
DA:1586,0
DA:1587,0
DA:1588,0
DA:1589,0
DA:1590,0
DA:1592,0
DA:1593,0
DA:1594,0
DA:1596,0
DA:1597,0
DA:1598,0
DA:1599,0
DA:1602,0
DA:1603,0
DA:1604,0
DA:1605,0
DA:1606,0
DA:1611,0
DA:1614,0
DA:1616,0
DA:1617,0
DA:1623,0
DA:1624,0
DA:1626,0
DA:1627,0
DA:1628,0
DA:1630,0
DA:1631,0
DA:1634,0
DA:1638,0
DA:1639,0
DA:1644,0
DA:1645,0
DA:1646,0
DA:1647,0
DA:1648,0
DA:1649,0
DA:1650,0
DA:1653,0
DA:1654,0
DA:1657,0
DA:1659,0
DA:1660,0
DA:1666,0
DA:1667,0
DA:1668,0
DA:1671,0
DA:1672,0
DA:1673,0
DA:1674,0
DA:1675,0
DA:1678,0
DA:1683,0
DA:1684,0
DA:1686,0
DA:1688,0
DA:1689,0
DA:1690,0
DA:1692,0
DA:1693,0
DA:1695,0
DA:1696,0
DA:1697,0
DA:1698,0
DA:1699,0
DA:1705,0
DA:1706,0
DA:1707,0
DA:1708,0
DA:1709,0
DA:1711,0
DA:1712,0
DA:1718,0
DA:1720,0
DA:1721,0
DA:1722,0
DA:1723,0
DA:1724,0
DA:1730,0
DA:1731,0
DA:1732,0
DA:1733,0
DA:1735,0
DA:1736,0
DA:1737,0
DA:1738,0
DA:1743,0
DA:1748,0
DA:1749,0
DA:1750,0
DA:1751,0
DA:1754,0
DA:1755,0
DA:1760,0
DA:1761,0
DA:1762,0
DA:1763,0
DA:1764,0
DA:1766,0
DA:1769,0
DA:1772,0
DA:1775,0
DA:1780,0
DA:1781,0
DA:1782,0
DA:1785,0
DA:1787,0
DA:1788,0
DA:1791,0
DA:1792,0
DA:1796,0
DA:1797,0
DA:1798,0
DA:1801,0
DA:1802,0
DA:1803,0
DA:1804,0
DA:1810,0
DA:1816,0
DA:1817,0
DA:1818,0
DA:1819,0
DA:1822,0
DA:1826,0
DA:1833,0
DA:1834,0
DA:1840,0
DA:1841,0
DA:1844,0
DA:1845,0
DA:1847,0
DA:1852,0
DA:1855,0
DA:1858,0
DA:1880,0
DA:1881,0
DA:1882,0
DA:1883,0
DA:1887,0
DA:1890,0
DA:1892,0
DA:1895,0
DA:1896,0
DA:1898,0
DA:1899,0
DA:1900,0
DA:1903,0
DA:1904,0
DA:1905,0
DA:1907,0
DA:1908,0
DA:1910,0
DA:1916,0
DA:1927,0
DA:1928,0
DA:1930,0
DA:1931,0
DA:1932,0
DA:1937,0
DA:1939,0
DA:1940,0
DA:1941,0
DA:1942,0
DA:1943,0
DA:1944,0
DA:1945,0
DA:1947,0
DA:1952,0
DA:1954,0
DA:1955,0
DA:1957,0
DA:1958,0
DA:1960,0
DA:1963,0
DA:1964,0
DA:1965,0
DA:1968,0
DA:1970,0
DA:1974,0
DA:1976,0
DA:1977,0
DA:1978,0
DA:1981,0
DA:1984,0
DA:1994,0
DA:1995,0
DA:1997,0
DA:1998,0
DA:2001,0
DA:2002,0
DA:2007,0
DA:2009,0
DA:2010,0
DA:2016,0
DA:2018,0
DA:2019,0
DA:2020,0
DA:2021,0
DA:2024,0
DA:2025,0
DA:2027,0
DA:2030,0
DA:2031,0
DA:2033,0
DA:2034,0
DA:2037,0
DA:2040,0
DA:2041,0
DA:2042,0
DA:2045,0
DA:2046,0
DA:2048,0
DA:2050,0
DA:2051,0
DA:2057,0
DA:2059,0
DA:2060,0
DA:2062,0
DA:2063,0
DA:2065,0
DA:2068,0
DA:2070,0
DA:2072,0
DA:2073,0
DA:2074,0
DA:2077,0
DA:2083,0
DA:2093,0
DA:2094,0
DA:2096,0
DA:2097,0
DA:2100,0
DA:2102,0
DA:2110,0
DA:2112,0
DA:2113,0
DA:2119,0
DA:2120,0
DA:2122,0
DA:2124,0
DA:2126,0
DA:2127,0
DA:2128,0
DA:2129,0
DA:2131,0
DA:2132,0
DA:2135,0
DA:2138,0
DA:2142,0
DA:2143,0
DA:2146,0
DA:2148,0
DA:2149,0
DA:2151,0
DA:2154,0
DA:2158,0
DA:2167,0
DA:2169,0
DA:2171,0
DA:2175,0
DA:2178,0
DA:2185,0
DA:2186,0
DA:2188,0
DA:2190,0
DA:2193,0
DA:2194,0
DA:2197,0
DA:2199,0
DA:2202,0
DA:2203,0
DA:2206,0
DA:2211,0
DA:2221,0
DA:2223,0
DA:2225,0
DA:2230,0
DA:2233,0
DA:2240,0
DA:2241,0
DA:2244,0
DA:2246,0
DA:2248,0
DA:2249,0
DA:2250,0
DA:2252,0
DA:2253,0
DA:2254,0
DA:2255,0
DA:2256,0
DA:2258,0
DA:2259,0
DA:2263,0
DA:2268,0
DA:2272,0
DA:2273,0
DA:2274,0
DA:2275,0
DA:2276,0
DA:2277,0
DA:2279,0
DA:2280,0
DA:2281,0
DA:2284,0
DA:2285,0
DA:2286,0
DA:2287,0
DA:2288,0
DA:2293,0
DA:2297,0
DA:2299,0
DA:2300,0
DA:2306,0
DA:2308,0
DA:2310,0
DA:2311,0
DA:2315,0
DA:2316,0
DA:2317,0
DA:2320,0
DA:2325,0
DA:2326,0
DA:2329,0
DA:2331,0
DA:2332,0
DA:2338,0
DA:2339,0
DA:2342,0
DA:2343,0
DA:2375,0
DA:2398,0
DA:2399,0
DA:2401,0
DA:2402,0
DA:2404,0
DA:2409,0
DA:2410,0
DA:2411,0
DA:2412,0
DA:2413,0
DA:2414,0
DA:2415,0
DA:2421,0
DA:2422,0
DA:2423,0
DA:2424,0
DA:2426,0
DA:2427,0
DA:2431,0
DA:2437,0
DA:2449,0
DA:2450,0
DA:2451,0
DA:2452,0
DA:2456,0
DA:2457,0
DA:2458,0
DA:2461,0
DA:2464,0
DA:2474,0
DA:2475,0
DA:2476,0
DA:2477,0
DA:2480,0
DA:2481,0
DA:2482,0
DA:2486,0
DA:2488,0
DA:2489,0
DA:2490,0
DA:2493,0
DA:2494,0
DA:2498,0
DA:2499,0
DA:2501,0
DA:2502,0
DA:2503,0
DA:2505,0
DA:2507,0
DA:2509,0
DA:2510,0
DA:2514,0
DA:2515,0
DA:2516,0
DA:2518,0
DA:2519,0
DA:2520,0
DA:2521,0
DA:2522,0
DA:2525,0
DA:2526,0
DA:2529,0
DA:2530,0
DA:2533,0
DA:2534,0
DA:2538,0
DA:2539,0
DA:2543,0
DA:2545,0
DA:2546,0
DA:2552,0
DA:2554,0
DA:2555,0
DA:2559,0
DA:2560,0
DA:2562,0
DA:2563,0
DA:2566,0
DA:2567,0
DA:2571,0
DA:2577,0
DA:2580,0
DA:2582,0
DA:2585,0
DA:2586,0
DA:2587,0
DA:2591,0
DA:2594,0
DA:2595,0
DA:2596,0
DA:2599,0
DA:2625,0
DA:2635,0
DA:2636,0
DA:2637,0
DA:2640,0
DA:2643,0
DA:2644,0
DA:2647,0
DA:2648,0
DA:2651,0
DA:2652,0
DA:2654,0
DA:2655,0
DA:2661,0
DA:2663,0
DA:2665,0
DA:2666,0
DA:2668,0
DA:2669,0
DA:2670,0
DA:2671,0
DA:2676,0
DA:2679,0
DA:2680,0
DA:2681,0
DA:2685,0
DA:2686,0
DA:2687,0
DA:2693,0
DA:2694,0
DA:2696,0
DA:2697,0
DA:2701,0
DA:2702,0
DA:2705,0
DA:2731,0
DA:2732,0
DA:2734,0
DA:2735,0
DA:2736,0
DA:2739,0
DA:2747,0
DA:2748,0
DA:2749,0
DA:2752,0
DA:2756,0
DA:2757,0
DA:2760,0
DA:2761,0
DA:2763,0
DA:2764,0
DA:2767,0
DA:2768,0
DA:2771,0
DA:2772,0
DA:2775,0
DA:2776,0
DA:2780,0
DA:2781,0
DA:2782,0
DA:2786,0
DA:2787,0
DA:2789,0
DA:2790,0
DA:2793,0
DA:2795,0
DA:2796,0
DA:2799,0
DA:2800,0
DA:2803,0
DA:2807,0
DA:2808,0
DA:2809,0
DA:2810,0
DA:2811,0
DA:2812,0
DA:2814,0
DA:2818,0
DA:2819,0
DA:2822,0
DA:2823,0
DA:2825,0
DA:2828,0
DA:2829,0
DA:2833,0
DA:2834,0
DA:2835,0
DA:2839,0
DA:2840,0
DA:2841,0
DA:2844,0
DA:2850,0
DA:2851,0
DA:2854,0
DA:2856,0
DA:2857,0
DA:2858,0
DA:2862,0
DA:2863,0
DA:2864,0
DA:2865,0
DA:2869,0
DA:2870,0
DA:2871,0
DA:2872,0
DA:2874,0
DA:2876,0
DA:2877,0
DA:2878,0
DA:2881,0
DA:2882,0
DA:2883,0
DA:2886,0
DA:2891,0
DA:2892,0
DA:2894,0
DA:2895,0
DA:2898,0
DA:2899,0
DA:2903,0
DA:2906,0
DA:2907,0
DA:2908,0
DA:2909,0
DA:2910,0
DA:2912,0
DA:2914,0
DA:2916,0
DA:2917,0
DA:2923,0
DA:2926,0
DA:2927,0
DA:2928,0
DA:2933,0
DA:2934,0
DA:2936,0
DA:2940,0
DA:2941,0
DA:2942,0
DA:2946,0
DA:2951,0
DA:2952,0
DA:2953,0
DA:2955,0
DA:2958,0
DA:2959,0
DA:2960,0
DA:2961,0
DA:2964,0
DA:2965,0
DA:2966,0
DA:2971,0
DA:2974,0
DA:2978,0
DA:2980,0
DA:2981,0
DA:2982,0
DA:2983,0
DA:2984,0
DA:2991,0
DA:2995,0
DA:2998,0
DA:2999,0
DA:3000,0
DA:3001,0
DA:3003,0
DA:3004,0
DA:3005,0
DA:3006,0
DA:3008,0
DA:3009,0
DA:3010,0
DA:3011,0
DA:3013,0
DA:3017,0
DA:3018,0
DA:3020,0
DA:3021,0
DA:3022,0
DA:3023,0
DA:3024,0
DA:3026,0
DA:3030,0
DA:3031,0
DA:3033,0
DA:3034,0
DA:3036,0
DA:3037,0
DA:3040,0
DA:3041,0
DA:3042,0
DA:3051,0
DA:3055,0
DA:3056,0
DA:3057,0
DA:3059,0
DA:3060,0
DA:3064,0
DA:3065,0
DA:3070,0
DA:3073,0
DA:3076,0
DA:3078,0
DA:3080,0
DA:3081,0
DA:3083,0
DA:3084,0
DA:3087,0
DA:3088,0
DA:3092,0
DA:3098,0
DA:3101,0
DA:3103,0
DA:3104,0
DA:3105,0
DA:3106,0
DA:3109,0
DA:3110,0
DA:3111,0
DA:3112,0
DA:3113,0
DA:3114,0
DA:3115,0
DA:3116,0
DA:3117,0
DA:3118,0
DA:3119,0
DA:3121,0
DA:3122,0
DA:3123,0
DA:3125,0
DA:3126,0
DA:3127,0
DA:3128,0
DA:3129,0
DA:3131,0
DA:3134,0
DA:3137,0
DA:3140,0
DA:3141,0
DA:3143,0
DA:3150,0
DA:3151,0
DA:3152,0
DA:3153,0
DA:3154,0
DA:3155,0
DA:3157,0
DA:3164,0
DA:3165,0
DA:3177,0
DA:3178,0
DA:3179,0
DA:3184,0
DA:3187,0
DA:3188,0
DA:3189,0
DA:3190,0
DA:3191,0
DA:3192,0
DA:3196,0
DA:3197,0
DA:3198,0
DA:3199,0
DA:3202,0
DA:3207,0
DA:3214,0
DA:3215,0
DA:3216,0
DA:3219,0
DA:3228,0
DA:3233,0
DA:3244,0
DA:3246,0
DA:3247,0
DA:3250,0
DA:3251,0
DA:3252,0
DA:3254,0
DA:3257,0
DA:3276,0
DA:3277,0
DA:3280,0
DA:3288,0
DA:3289,0
DA:3290,0
DA:3293,0
DA:3296,0
DA:3297,0
DA:3299,0
DA:3300,0
DA:3304,0
DA:3305,0
DA:3306,0
DA:3307,0
DA:3309,0
DA:3313,0
DA:3314,0
DA:3317,0
DA:3320,0
DA:3321,0
DA:3327,0
DA:3330,0
DA:3332,0
DA:3333,0
DA:3335,0
DA:3338,0
DA:3339,0
DA:3343,0
DA:3344,0
DA:3348,0
DA:3349,0
DA:3350,0
DA:3351,0
DA:3352,0
DA:3355,0
DA:3356,0
DA:3357,0
DA:3360,0
DA:3363,0
DA:3364,0
LF:1227
LH:0
BRDA:3,0,0,0
BRDA:3,0,1,0
BRDA:15,1,0,0
BRDA:15,1,1,0
BRDA:48,2,0,0
BRDA:48,2,1,0
BRDA:82,3,0,0
BRDA:82,3,1,0
BRDA:86,4,0,0
BRDA:86,4,1,0
BRDA:95,5,0,0
BRDA:95,5,1,0
BRDA:542,6,0,0
BRDA:542,6,1,0
BRDA:543,7,0,0
BRDA:543,7,1,0
BRDA:544,8,0,0
BRDA:544,8,1,0
BRDA:548,9,0,0
BRDA:548,9,1,0
BRDA:559,10,0,0
BRDA:559,10,1,0
BRDA:561,11,0,0
BRDA:561,11,1,0
BRDA:587,12,0,0
BRDA:587,12,1,0
BRDA:641,13,0,0
BRDA:641,13,1,0
BRDA:649,14,0,0
BRDA:649,14,1,0
BRDA:649,15,0,0
BRDA:649,15,1,0
BRDA:659,16,0,0
BRDA:659,16,1,0
BRDA:659,17,0,0
BRDA:659,17,1,0
BRDA:668,18,0,0
BRDA:668,18,1,0
BRDA:687,19,0,0
BRDA:687,19,1,0
BRDA:690,20,0,0
BRDA:690,20,1,0
BRDA:690,21,0,0
BRDA:690,21,1,0
BRDA:695,22,0,0
BRDA:695,22,1,0
BRDA:695,23,0,0
BRDA:695,23,1,0
BRDA:696,24,0,0
BRDA:696,24,1,0
BRDA:697,25,0,0
BRDA:697,25,1,0
BRDA:697,26,0,0
BRDA:697,26,1,0
BRDA:701,27,0,0
BRDA:701,27,1,0
BRDA:702,28,0,0
BRDA:702,28,1,0
BRDA:702,29,0,0
BRDA:702,29,1,0
BRDA:710,30,0,0
BRDA:710,30,1,0
BRDA:718,31,0,0
BRDA:718,31,1,0
BRDA:739,32,0,0
BRDA:739,32,1,0
BRDA:746,33,0,0
BRDA:746,33,1,0
BRDA:786,34,0,0
BRDA:786,35,0,0
BRDA:786,36,0,0
BRDA:788,37,0,0
BRDA:788,37,1,0
BRDA:817,38,0,0
BRDA:817,38,1,0
BRDA:831,39,0,0
BRDA:831,39,1,0
BRDA:841,40,0,0
BRDA:841,40,1,0
BRDA:855,41,0,0
BRDA:855,41,1,0
BRDA:855,42,0,0
BRDA:855,42,1,0
BRDA:857,43,0,0
BRDA:857,43,1,0
BRDA:860,44,0,0
BRDA:860,44,1,0
BRDA:901,45,0,0
BRDA:901,45,1,0
BRDA:901,46,0,0
BRDA:901,46,1,0
BRDA:902,47,0,0
BRDA:902,47,1,0
BRDA:903,48,0,0
BRDA:903,48,1,0
BRDA:904,49,0,0
BRDA:904,49,1,0
BRDA:916,50,0,0
BRDA:916,50,1,0
BRDA:924,51,0,0
BRDA:924,51,1,0
BRDA:944,52,0,0
BRDA:944,52,1,0
BRDA:945,53,0,0
BRDA:945,53,1,0
BRDA:945,53,2,0
BRDA:953,54,0,0
BRDA:953,54,1,0
BRDA:953,55,0,0
BRDA:953,55,1,0
BRDA:965,56,0,0
BRDA:965,56,1,0
BRDA:965,57,0,0
BRDA:965,57,1,0
BRDA:972,58,0,0
BRDA:972,58,1,0
BRDA:975,59,0,0
BRDA:975,59,1,0
BRDA:1026,60,0,0
BRDA:1026,60,1,0
BRDA:1026,61,0,0
BRDA:1026,61,1,0
BRDA:1026,61,2,0
BRDA:1037,62,0,0
BRDA:1037,62,1,0
BRDA:1044,63,0,0
BRDA:1044,63,1,0
BRDA:1054,64,0,0
BRDA:1054,64,1,0
BRDA:1054,65,0,0
BRDA:1054,65,1,0
BRDA:1058,66,0,0
BRDA:1058,66,1,0
BRDA:1058,67,0,0
BRDA:1058,67,1,0
BRDA:1062,68,0,0
BRDA:1062,68,1,0
BRDA:1066,69,0,0
BRDA:1066,69,1,0
BRDA:1066,70,0,0
BRDA:1066,70,1,0
BRDA:1070,71,0,0
BRDA:1070,71,1,0
BRDA:1074,72,0,0
BRDA:1074,72,1,0
BRDA:1074,73,0,0
BRDA:1074,73,1,0
BRDA:1082,74,0,0
BRDA:1082,74,1,0
BRDA:1082,75,0,0
BRDA:1082,75,1,0
BRDA:1093,76,0,0
BRDA:1093,76,1,0
BRDA:1100,77,0,0
BRDA:1100,77,1,0
BRDA:1131,78,0,0
BRDA:1137,79,0,0
BRDA:1137,79,1,0
BRDA:1138,80,0,0
BRDA:1138,80,1,0
BRDA:1138,81,0,0
BRDA:1138,81,1,0
BRDA:1145,82,0,0
BRDA:1145,82,1,0
BRDA:1145,83,0,0
BRDA:1145,83,1,0
BRDA:1145,83,2,0
BRDA:1154,84,0,0
BRDA:1154,84,1,0
BRDA:1154,85,0,0
BRDA:1154,85,1,0
BRDA:1161,86,0,0
BRDA:1167,87,0,0
BRDA:1167,87,1,0
BRDA:1174,88,0,0
BRDA:1174,88,1,0
BRDA:1181,89,0,0
BRDA:1181,89,1,0
BRDA:1183,90,0,0
BRDA:1183,90,1,0
BRDA:1183,91,0,0
BRDA:1183,91,1,0
BRDA:1201,92,0,0
BRDA:1201,92,1,0
BRDA:1201,93,0,0
BRDA:1201,93,1,0
BRDA:1210,94,0,0
BRDA:1214,95,0,0
BRDA:1214,95,1,0
BRDA:1214,96,0,0
BRDA:1214,96,1,0
BRDA:1223,97,0,0
BRDA:1223,97,1,0
BRDA:1223,98,0,0
BRDA:1223,98,1,0
BRDA:1226,99,0,0
BRDA:1226,99,1,0
BRDA:1228,100,0,0
BRDA:1228,100,1,0
BRDA:1236,101,0,0
BRDA:1236,101,1,0
BRDA:1238,102,0,0
BRDA:1238,102,1,0
BRDA:1238,103,0,0
BRDA:1238,103,1,0
BRDA:1240,104,0,0
BRDA:1240,104,1,0
BRDA:1249,105,0,0
BRDA:1249,105,1,0
BRDA:1251,106,0,0
BRDA:1251,106,1,0
BRDA:1253,107,0,0
BRDA:1253,107,1,0
BRDA:1260,108,0,0
BRDA:1260,108,1,0
BRDA:1261,109,0,0
BRDA:1261,109,1,0
BRDA:1262,110,0,0
BRDA:1262,110,1,0
BRDA:1263,111,0,0
BRDA:1263,111,1,0
BRDA:1281,112,0,0
BRDA:1281,112,1,0
BRDA:1282,113,0,0
BRDA:1282,113,1,0
BRDA:1283,114,0,0
BRDA:1283,114,1,0
BRDA:1309,115,0,0
BRDA:1309,115,1,0
BRDA:1309,116,0,0
BRDA:1309,116,1,0
BRDA:1317,117,0,0
BRDA:1317,117,1,0
BRDA:1317,118,0,0
BRDA:1317,118,1,0
BRDA:1322,119,0,0
BRDA:1322,119,1,0
BRDA:1322,120,0,0
BRDA:1322,120,1,0
BRDA:1322,120,2,0
BRDA:1333,121,0,0
BRDA:1333,121,1,0
BRDA:1354,122,0,0
BRDA:1354,122,1,0
BRDA:1354,123,0,0
BRDA:1354,123,1,0
BRDA:1354,123,2,0
BRDA:1370,124,0,0
BRDA:1370,124,1,0
BRDA:1371,125,0,0
BRDA:1371,125,1,0
BRDA:1372,126,0,0
BRDA:1372,126,1,0
BRDA:1395,127,0,0
BRDA:1396,128,0,0
BRDA:1396,128,1,0
BRDA:1396,129,0,0
BRDA:1396,129,1,0
BRDA:1404,130,0,0
BRDA:1404,130,1,0
BRDA:1404,131,0,0
BRDA:1404,131,1,0
BRDA:1405,132,0,0
BRDA:1405,132,1,0
BRDA:1405,133,0,0
BRDA:1405,133,1,0
BRDA:1412,134,0,0
BRDA:1412,134,1,0
BRDA:1412,135,0,0
BRDA:1412,135,1,0
BRDA:1416,136,0,0
BRDA:1416,136,1,0
BRDA:1416,137,0,0
BRDA:1416,137,1,0
BRDA:1417,138,0,0
BRDA:1417,138,1,0
BRDA:1417,139,0,0
BRDA:1417,139,1,0
BRDA:1424,140,0,0
BRDA:1424,140,1,0
BRDA:1424,141,0,0
BRDA:1424,141,1,0
BRDA:1428,142,0,0
BRDA:1428,142,1,0
BRDA:1428,143,0,0
BRDA:1428,143,1,0
BRDA:1429,144,0,0
BRDA:1429,144,1,0
BRDA:1429,145,0,0
BRDA:1429,145,1,0
BRDA:1436,146,0,0
BRDA:1436,146,1,0
BRDA:1436,147,0,0
BRDA:1436,147,1,0
BRDA:1439,148,0,0
BRDA:1439,148,1,0
BRDA:1440,149,0,0
BRDA:1440,149,1,0
BRDA:1440,150,0,0
BRDA:1440,150,1,0
BRDA:1447,151,0,0
BRDA:1447,151,1,0
BRDA:1447,152,0,0
BRDA:1447,152,1,0
BRDA:1450,153,0,0
BRDA:1450,153,1,0
BRDA:1451,154,0,0
BRDA:1451,154,1,0
BRDA:1451,155,0,0
BRDA:1451,155,1,0
BRDA:1458,156,0,0
BRDA:1458,156,1,0
BRDA:1458,157,0,0
BRDA:1458,157,1,0
BRDA:1464,158,0,0
BRDA:1464,158,1,0
BRDA:1464,159,0,0
BRDA:1464,159,1,0
BRDA:1473,160,0,0
BRDA:1473,160,1,0
BRDA:1473,161,0,0
BRDA:1473,161,1,0
BRDA:1479,162,0,0
BRDA:1479,162,1,0
BRDA:1495,163,0,0
BRDA:1495,163,1,0
BRDA:1497,164,0,0
BRDA:1497,164,1,0
BRDA:1508,165,0,0
BRDA:1508,165,1,0
BRDA:1535,166,0,0
BRDA:1535,166,1,0
BRDA:1535,167,0,0
BRDA:1535,167,1,0
BRDA:1545,168,0,0
BRDA:1547,169,0,0
BRDA:1547,169,1,0
BRDA:1551,170,0,0
BRDA:1551,170,1,0
BRDA:1551,171,0,0
BRDA:1551,171,1,0
BRDA:1551,171,2,0
BRDA:1553,172,0,0
BRDA:1553,172,1,0
BRDA:1560,173,0,0
BRDA:1560,173,1,0
BRDA:1562,174,0,0
BRDA:1562,174,1,0
BRDA:1562,175,0,0
BRDA:1562,175,1,0
BRDA:1566,176,0,0
BRDA:1566,176,1,0
BRDA:1567,177,0,0
BRDA:1567,177,1,0
BRDA:1568,178,0,0
BRDA:1568,178,1,0
BRDA:1587,179,0,0
BRDA:1587,179,1,0
BRDA:1588,180,0,0
BRDA:1588,180,1,0
BRDA:1590,181,0,0
BRDA:1590,181,1,0
BRDA:1602,182,0,0
BRDA:1602,182,1,0
BRDA:1602,183,0,0
BRDA:1602,183,1,0
BRDA:1622,184,0,0
BRDA:1624,185,0,0
BRDA:1624,185,1,0
BRDA:1624,186,0,0
BRDA:1624,186,1,0
BRDA:1624,186,2,0
BRDA:1627,187,0,0
BRDA:1627,187,1,0
BRDA:1628,188,0,0
BRDA:1628,188,1,0
BRDA:1645,189,0,0
BRDA:1645,189,1,0
BRDA:1645,190,0,0
BRDA:1645,190,1,0
BRDA:1667,191,0,0
BRDA:1667,191,1,0
BRDA:1667,192,0,0
BRDA:1667,192,1,0
BRDA:1672,193,0,0
BRDA:1672,193,1,0
BRDA:1672,194,0,0
BRDA:1672,194,1,0
BRDA:1672,194,2,0
BRDA:1684,195,0,0
BRDA:1684,195,1,0
BRDA:1688,196,0,0
BRDA:1688,196,1,0
BRDA:1688,197,0,0
BRDA:1688,197,1,0
BRDA:1688,197,2,0
BRDA:1690,198,0,0
BRDA:1690,198,1,0
BRDA:1693,199,0,0
BRDA:1693,199,1,0
BRDA:1695,200,0,0
BRDA:1695,200,1,0
BRDA:1720,201,0,0
BRDA:1720,201,1,0
BRDA:1720,202,0,0
BRDA:1720,202,1,0
BRDA:1720,202,2,0
BRDA:1722,203,0,0
BRDA:1722,203,1,0
BRDA:1731,204,0,0
BRDA:1731,204,1,0
BRDA:1735,205,0,0
BRDA:1735,205,1,0
BRDA:1735,206,0,0
BRDA:1735,206,1,0
BRDA:1749,207,0,0
BRDA:1749,207,1,0
BRDA:1754,208,0,0
BRDA:1754,208,1,0
BRDA:1760,209,0,0
BRDA:1760,209,1,0
BRDA:1762,210,0,0
BRDA:1762,210,1,0
BRDA:1762,211,0,0
BRDA:1762,211,1,0
BRDA:1781,212,0,0
BRDA:1781,212,1,0
BRDA:1781,213,0,0
BRDA:1781,213,1,0
BRDA:1787,214,0,0
BRDA:1787,214,1,0
BRDA:1798,215,0,0
BRDA:1798,215,1,0
BRDA:1798,216,0,0
BRDA:1798,216,1,0
BRDA:1798,216,2,0
BRDA:1818,217,0,0
BRDA:1818,217,1,0
BRDA:1818,218,0,0
BRDA:1818,218,1,0
BRDA:1818,218,2,0
BRDA:1818,218,3,0
BRDA:1851,219,0,0
BRDA:1883,220,0,0
BRDA:1883,220,1,0
BRDA:1895,221,0,0
BRDA:1895,221,1,0
BRDA:1895,222,0,0
BRDA:1895,222,1,0
BRDA:1899,223,0,0
BRDA:1899,223,1,0
BRDA:1905,224,0,0
BRDA:1905,224,1,0
BRDA:1907,225,0,0
BRDA:1907,225,1,0
BRDA:1927,226,0,0
BRDA:1927,226,1,0
BRDA:1936,227,0,0
BRDA:1939,228,0,0
BRDA:1939,228,1,0
BRDA:1939,229,0,0
BRDA:1939,229,1,0
BRDA:1940,230,0,0
BRDA:1940,230,1,0
BRDA:1940,231,0,0
BRDA:1940,231,1,0
BRDA:1941,232,0,0
BRDA:1941,232,1,0
BRDA:1941,233,0,0
BRDA:1941,233,1,0
BRDA:1942,234,0,0
BRDA:1942,234,1,0
BRDA:1942,235,0,0
BRDA:1942,235,1,0
BRDA:1943,236,0,0
BRDA:1943,236,1,0
BRDA:1943,237,0,0
BRDA:1943,237,1,0
BRDA:1944,238,0,0
BRDA:1944,238,1,0
BRDA:1944,239,0,0
BRDA:1944,239,1,0
BRDA:1945,240,0,0
BRDA:1945,240,1,0
BRDA:1945,241,0,0
BRDA:1945,241,1,0
BRDA:1954,242,0,0
BRDA:1954,242,1,0
BRDA:1954,242,2,0
BRDA:1958,243,0,0
BRDA:1958,243,1,0
BRDA:1963,244,0,0
BRDA:1963,244,1,0
BRDA:1968,245,0,0
BRDA:1968,245,1,0
BRDA:1976,246,0,0
BRDA:1976,246,1,0
BRDA:1994,247,0,0
BRDA:1994,247,1,0
BRDA:1994,248,0,0
BRDA:1994,248,1,0
BRDA:1997,249,0,0
BRDA:1997,249,1,0
BRDA:1997,250,0,0
BRDA:1997,250,1,0
BRDA:1997,250,2,0
BRDA:1997,250,3,0
BRDA:2015,251,0,0
BRDA:2018,252,0,0
BRDA:2018,252,1,0
BRDA:2019,253,0,0
BRDA:2019,253,1,0
BRDA:2059,254,0,0
BRDA:2059,254,1,0
BRDA:2059,254,2,0
BRDA:2063,255,0,0
BRDA:2063,255,1,0
BRDA:2068,256,0,0
BRDA:2068,256,1,0
BRDA:2072,257,0,0
BRDA:2072,257,1,0
BRDA:2093,258,0,0
BRDA:2093,258,1,0
BRDA:2093,259,0,0
BRDA:2093,259,1,0
BRDA:2096,260,0,0
BRDA:2096,260,1,0
BRDA:2096,261,0,0
BRDA:2096,261,1,0
BRDA:2096,261,2,0
BRDA:2096,261,3,0
BRDA:2119,262,0,0
BRDA:2119,262,1,0
BRDA:2119,262,2,0
BRDA:2122,263,0,0
BRDA:2122,263,1,0
BRDA:2124,264,0,0
BRDA:2124,264,1,0
BRDA:2126,265,0,0
BRDA:2126,265,1,0
BRDA:2142,266,0,0
BRDA:2142,266,1,0
BRDA:2146,267,0,0
BRDA:2146,267,1,0
BRDA:2149,268,0,0
BRDA:2149,268,1,0
BRDA:2185,269,0,0
BRDA:2185,269,1,0
BRDA:2185,269,2,0
BRDA:2188,270,0,0
BRDA:2188,270,1,0
BRDA:2193,271,0,0
BRDA:2193,271,1,0
BRDA:2197,272,0,0
BRDA:2197,272,1,0
BRDA:2202,273,0,0
BRDA:2202,273,1,0
BRDA:2239,274,0,0
BRDA:2241,275,0,0
BRDA:2241,275,1,0
BRDA:2246,276,0,0
BRDA:2246,276,1,0
BRDA:2248,277,0,0
BRDA:2248,277,1,0
BRDA:2248,278,0,0
BRDA:2248,278,1,0
BRDA:2252,279,0,0
BRDA:2252,279,1,0
BRDA:2253,280,0,0
BRDA:2253,280,1,0
BRDA:2254,281,0,0
BRDA:2254,281,1,0
BRDA:2273,282,0,0
BRDA:2273,282,1,0
BRDA:2275,283,0,0
BRDA:2275,283,1,0
BRDA:2276,284,0,0
BRDA:2276,284,1,0
BRDA:2284,285,0,0
BRDA:2284,285,1,0
BRDA:2284,286,0,0
BRDA:2284,286,1,0
BRDA:2310,287,0,0
BRDA:2310,287,1,0
BRDA:2317,288,0,0
BRDA:2317,288,1,0
BRDA:2317,289,0,0
BRDA:2317,289,1,0
BRDA:2317,289,2,0
BRDA:2325,290,0,0
BRDA:2325,290,1,0
BRDA:2337,291,0,0
BRDA:2337,292,0,0
BRDA:2339,293,0,0
BRDA:2339,293,1,0
BRDA:2342,294,0,0
BRDA:2342,294,1,0
BRDA:2342,295,0,0
BRDA:2342,295,1,0
BRDA:2355,296,0,0
BRDA:2355,296,1,0
BRDA:2397,297,0,0
BRDA:2401,298,0,0
BRDA:2401,298,1,0
BRDA:2409,299,0,0
BRDA:2409,299,1,0
BRDA:2409,300,0,0
BRDA:2409,300,1,0
BRDA:2413,301,0,0
BRDA:2413,301,1,0
BRDA:2426,302,0,0
BRDA:2426,302,1,0
BRDA:2426,303,0,0
BRDA:2426,303,1,0
BRDA:2449,304,0,0
BRDA:2449,304,1,0
BRDA:2457,305,0,0
BRDA:2457,305,1,0
BRDA:2474,306,0,0
BRDA:2474,306,1,0
BRDA:2481,307,0,0
BRDA:2481,307,1,0
BRDA:2481,308,0,0
BRDA:2481,308,1,0
BRDA:2486,309,0,0
BRDA:2486,309,1,0
BRDA:2486,309,2,0
BRDA:2488,310,0,0
BRDA:2488,310,1,0
BRDA:2493,311,0,0
BRDA:2493,311,1,0
BRDA:2493,312,0,0
BRDA:2493,312,1,0
BRDA:2498,313,0,0
BRDA:2498,313,1,0
BRDA:2498,314,0,0
BRDA:2498,314,1,0
BRDA:2505,315,0,0
BRDA:2505,315,1,0
BRDA:2514,316,0,0
BRDA:2514,316,1,0
BRDA:2518,317,0,0
BRDA:2518,317,1,0
BRDA:2521,318,0,0
BRDA:2521,318,1,0
BRDA:2538,319,0,0
BRDA:2538,319,1,0
BRDA:2559,320,0,0
BRDA:2559,320,1,0
BRDA:2559,321,0,0
BRDA:2559,321,1,0
BRDA:2562,322,0,0
BRDA:2562,322,1,0
BRDA:2566,323,0,0
BRDA:2566,323,1,0
BRDA:2566,324,0,0
BRDA:2566,324,1,0
BRDA:2576,325,0,0
BRDA:2586,326,0,0
BRDA:2586,326,1,0
BRDA:2586,327,0,0
BRDA:2586,327,1,0
BRDA:2594,328,0,0
BRDA:2594,328,1,0
BRDA:2594,329,0,0
BRDA:2594,329,1,0
BRDA:2601,330,0,0
BRDA:2601,330,1,0
BRDA:2635,331,0,0
BRDA:2635,331,1,0
BRDA:2643,332,0,0
BRDA:2643,332,1,0
BRDA:2643,333,0,0
BRDA:2643,333,1,0
BRDA:2643,333,2,0
BRDA:2647,334,0,0
BRDA:2647,334,1,0
BRDA:2648,335,0,0
BRDA:2648,335,1,0
BRDA:2660,336,0,0
BRDA:2660,337,0,0
BRDA:2668,338,0,0
BRDA:2668,338,1,0
BRDA:2668,339,0,0
BRDA:2668,339,1,0
BRDA:2670,340,0,0
BRDA:2670,340,1,0
BRDA:2680,341,0,0
BRDA:2680,341,1,0
BRDA:2680,342,0,0
BRDA:2680,342,1,0
BRDA:2685,343,0,0
BRDA:2685,343,1,0
BRDA:2685,344,0,0
BRDA:2685,344,1,0
BRDA:2694,345,0,0
BRDA:2694,345,1,0
BRDA:2696,346,0,0
BRDA:2696,346,1,0
BRDA:2701,347,0,0
BRDA:2701,347,1,0
BRDA:2721,348,0,0
BRDA:2721,348,1,0
BRDA:2731,349,0,0
BRDA:2731,349,1,0
BRDA:2732,350,0,0
BRDA:2732,350,1,0
BRDA:2734,351,0,0
BRDA:2734,351,1,0
BRDA:2734,352,0,0
BRDA:2734,352,1,0
BRDA:2747,353,0,0
BRDA:2747,353,1,0
BRDA:2756,354,0,0
BRDA:2756,354,1,0
BRDA:2760,355,0,0
BRDA:2760,355,1,0
BRDA:2760,356,0,0
BRDA:2760,356,1,0
BRDA:2763,357,0,0
BRDA:2763,357,1,0
BRDA:2763,358,0,0
BRDA:2763,358,1,0
BRDA:2763,358,2,0
BRDA:2763,358,3,0
BRDA:2767,359,0,0
BRDA:2767,359,1,0
BRDA:2767,360,0,0
BRDA:2767,360,1,0
BRDA:2771,361,0,0
BRDA:2771,361,1,0
BRDA:2771,362,0,0
BRDA:2771,362,1,0
BRDA:2775,363,0,0
BRDA:2775,363,1,0
BRDA:2780,364,0,0
BRDA:2780,364,1,0
BRDA:2780,365,0,0
BRDA:2780,365,1,0
BRDA:2786,366,0,0
BRDA:2786,366,1,0
BRDA:2789,367,0,0
BRDA:2789,367,1,0
BRDA:2793,368,0,0
BRDA:2793,368,1,0
BRDA:2796,369,0,0
BRDA:2796,369,1,0
BRDA:2799,370,0,0
BRDA:2799,370,1,0
BRDA:2807,371,0,0
BRDA:2807,371,1,0
BRDA:2809,372,0,0
BRDA:2809,372,1,0
BRDA:2811,373,0,0
BRDA:2811,373,1,0
BRDA:2818,374,0,0
BRDA:2818,374,1,0
BRDA:2819,375,0,0
BRDA:2819,375,1,0
BRDA:2828,376,0,0
BRDA:2828,376,1,0
BRDA:2833,377,0,0
BRDA:2833,377,1,0
BRDA:2833,378,0,0
BRDA:2833,378,1,0
BRDA:2839,379,0,0
BRDA:2839,379,1,0
BRDA:2839,380,0,0
BRDA:2839,380,1,0
BRDA:2839,380,2,0
BRDA:2854,381,0,0
BRDA:2854,381,1,0
BRDA:2856,382,0,0
BRDA:2856,382,1,0
BRDA:2863,383,0,0
BRDA:2863,383,1,0
BRDA:2886,384,0,0
BRDA:2886,384,1,0
BRDA:2891,385,0,0
BRDA:2891,385,1,0
BRDA:2894,386,0,0
BRDA:2894,386,1,0
BRDA:2907,387,0,0
BRDA:2907,387,1,0
BRDA:2907,388,0,0
BRDA:2907,388,1,0
BRDA:2909,389,0,0
BRDA:2909,389,1,0
BRDA:2927,390,0,0
BRDA:2927,390,1,0
BRDA:2933,391,0,0
BRDA:2933,391,1,0
BRDA:2940,392,0,0
BRDA:2940,392,1,0
BRDA:2949,393,0,0
BRDA:2958,394,0,0
BRDA:2958,394,1,0
BRDA:2958,395,0,0
BRDA:2958,395,1,0
BRDA:2958,395,2,0
BRDA:2960,396,0,0
BRDA:2960,396,1,0
BRDA:2960,397,0,0
BRDA:2960,397,1,0
BRDA:2964,398,0,0
BRDA:2964,398,1,0
BRDA:2978,399,0,0
BRDA:2981,400,0,0
BRDA:2981,400,1,0
BRDA:3006,401,0,0
BRDA:3006,401,1,0
BRDA:3008,402,0,0
BRDA:3008,402,1,0
BRDA:3010,403,0,0
BRDA:3010,403,1,0
BRDA:3018,404,0,0
BRDA:3018,404,1,0
BRDA:3020,405,0,0
BRDA:3020,405,1,0
BRDA:3023,406,0,0
BRDA:3023,406,1,0
BRDA:3031,407,0,0
BRDA:3031,407,1,0
BRDA:3059,408,0,0
BRDA:3059,408,1,0
BRDA:3059,409,0,0
BRDA:3059,409,1,0
BRDA:3065,410,0,0
BRDA:3065,410,1,0
BRDA:3073,411,0,0
BRDA:3073,411,1,0
BRDA:3078,412,0,0
BRDA:3078,412,1,0
BRDA:3080,413,0,0
BRDA:3080,413,1,0
BRDA:3083,414,0,0
BRDA:3083,414,1,0
BRDA:3098,415,0,0
BRDA:3098,415,1,0
BRDA:3103,416,0,0
BRDA:3103,416,1,0
BRDA:3109,417,0,0
BRDA:3109,417,1,0
BRDA:3109,418,0,0
BRDA:3109,418,1,0
BRDA:3111,419,0,0
BRDA:3111,419,1,0
BRDA:3113,420,0,0
BRDA:3113,420,1,0
BRDA:3115,421,0,0
BRDA:3115,421,1,0
BRDA:3117,422,0,0
BRDA:3117,422,1,0
BRDA:3117,423,0,0
BRDA:3117,423,1,0
BRDA:3117,423,2,0
BRDA:3119,424,0,0
BRDA:3119,424,1,0
BRDA:3121,425,0,0
BRDA:3121,425,1,0
BRDA:3121,426,0,0
BRDA:3121,426,1,0
BRDA:3121,426,2,0
BRDA:3122,427,0,0
BRDA:3122,427,1,0
BRDA:3123,428,0,0
BRDA:3123,428,1,0
BRDA:3125,429,0,0
BRDA:3125,429,1,0
BRDA:3128,430,0,0
BRDA:3128,430,1,0
BRDA:3140,431,0,0
BRDA:3140,431,1,0
BRDA:3154,432,0,0
BRDA:3154,432,1,0
BRDA:3155,433,0,0
BRDA:3155,433,1,0
BRDA:3161,434,0,0
BRDA:3161,434,1,0
BRDA:3177,435,0,0
BRDA:3177,435,1,0
BRDA:3187,436,0,0
BRDA:3187,436,1,0
BRDA:3187,437,0,0
BRDA:3187,437,1,0
BRDA:3189,438,0,0
BRDA:3189,438,1,0
BRDA:3191,439,0,0
BRDA:3191,439,1,0
BRDA:3196,440,0,0
BRDA:3196,440,1,0
BRDA:3196,441,0,0
BRDA:3196,441,1,0
BRDA:3196,441,2,0
BRDA:3196,441,3,0
BRDA:3198,442,0,0
BRDA:3198,442,1,0
BRDA:3198,443,0,0
BRDA:3198,443,1,0
BRDA:3198,443,2,0
BRDA:3198,443,3,0
BRDA:3214,444,0,0
BRDA:3214,444,1,0
BRDA:3219,445,0,0
BRDA:3219,445,1,0
BRDA:3219,445,2,0
BRDA:3219,445,3,0
BRDA:3219,445,4,0
BRDA:3228,446,0,0
BRDA:3228,446,1,0
BRDA:3228,446,2,0
BRDA:3228,446,3,0
BRDA:3228,446,4,0
BRDA:3243,447,0,0
BRDA:3251,448,0,0
BRDA:3251,448,1,0
BRDA:3251,449,0,0
BRDA:3251,449,1,0
BRDA:3251,449,2,0
BRDA:3267,450,0,0
BRDA:3267,450,1,0
BRDA:3276,451,0,0
BRDA:3276,451,1,0
BRDA:3276,452,0,0
BRDA:3276,452,1,0
BRDA:3288,453,0,0
BRDA:3288,453,1,0
BRDA:3296,454,0,0
BRDA:3296,454,1,0
BRDA:3296,455,0,0
BRDA:3296,455,1,0
BRDA:3299,456,0,0
BRDA:3299,456,1,0
BRDA:3299,457,0,0
BRDA:3299,457,1,0
BRDA:3299,457,2,0
BRDA:3299,457,3,0
BRDA:3304,458,0,0
BRDA:3304,458,1,0
BRDA:3306,459,0,0
BRDA:3306,459,1,0
BRDA:3313,460,0,0
BRDA:3313,460,1,0
BRDA:3314,461,0,0
BRDA:3314,461,1,0
BRDA:3330,462,0,0
BRDA:3330,462,1,0
BRDA:3330,463,0,0
BRDA:3330,463,1,0
BRDA:3333,464,0,0
BRDA:3333,464,1,0
BRDA:3338,465,0,0
BRDA:3338,465,1,0
BRDA:3338,465,2,0
BRDA:3339,466,0,0
BRDA:3339,466,1,0
BRDA:3343,467,0,0
BRDA:3343,467,1,0
BRDA:3343,468,0,0
BRDA:3343,468,1,0
BRDA:3349,469,0,0
BRDA:3349,469,1,0
BRDA:3350,470,0,0
BRDA:3350,470,1,0
BRDA:3355,471,0,0
BRDA:3355,471,1,0
BRDA:3355,472,0,0
BRDA:3355,472,1,0
BRF:968
BRH:0
end_of_record
TN:
SF:src\renderer\common-actions.js
FN:6,(anonymous_0)
FN:7,(anonymous_1)
FN:8,(anonymous_2)
FN:9,(anonymous_3)
FN:10,(anonymous_4)
FN:11,(anonymous_5)
FN:16,(anonymous_6)
FN:23,(anonymous_7)
FN:30,(anonymous_8)
FN:31,(anonymous_9)
FN:32,(anonymous_10)
FN:33,(anonymous_11)
FN:46,(anonymous_12)
FN:47,(anonymous_13)
FN:56,(anonymous_14)
FN:63,(anonymous_15)
FN:70,(anonymous_16)
FN:77,(anonymous_17)
FN:84,(anonymous_18)
FN:91,(anonymous_19)
FN:102,(anonymous_20)
FN:109,(anonymous_21)
FN:116,(anonymous_22)
FN:127,(anonymous_23)
FN:137,(anonymous_24)
FN:147,(anonymous_25)
FN:161,(anonymous_26)
FN:168,(anonymous_27)
FN:175,(anonymous_28)
FN:182,(anonymous_29)
FN:194,(anonymous_30)
FN:199,(anonymous_31)
FN:204,(anonymous_32)
FN:214,(anonymous_33)
FN:219,(anonymous_34)
FN:224,(anonymous_35)
FN:229,(anonymous_36)
FN:234,(anonymous_37)
FN:239,(anonymous_38)
FN:244,(anonymous_39)
FN:249,(anonymous_40)
FN:254,(anonymous_41)
FN:259,(anonymous_42)
FN:264,(anonymous_43)
FN:269,(anonymous_44)
FN:278,(anonymous_45)
FN:283,(anonymous_46)
FN:288,(anonymous_47)
FN:293,(anonymous_48)
FN:298,(anonymous_49)
FN:303,(anonymous_50)
FN:308,(anonymous_51)
FN:313,(anonymous_52)
FN:318,(anonymous_53)
FN:323,(anonymous_54)
FN:332,(anonymous_55)
FN:337,(anonymous_56)
FN:342,(anonymous_57)
FN:388,executeAction
FNF:59
FNH:0
FNDA:0,(anonymous_0)
FNDA:0,(anonymous_1)
FNDA:0,(anonymous_2)
FNDA:0,(anonymous_3)
FNDA:0,(anonymous_4)
FNDA:0,(anonymous_5)
FNDA:0,(anonymous_6)
FNDA:0,(anonymous_7)
FNDA:0,(anonymous_8)
FNDA:0,(anonymous_9)
FNDA:0,(anonymous_10)
FNDA:0,(anonymous_11)
FNDA:0,(anonymous_12)
FNDA:0,(anonymous_13)
FNDA:0,(anonymous_14)
FNDA:0,(anonymous_15)
FNDA:0,(anonymous_16)
FNDA:0,(anonymous_17)
FNDA:0,(anonymous_18)
FNDA:0,(anonymous_19)
FNDA:0,(anonymous_20)
FNDA:0,(anonymous_21)
FNDA:0,(anonymous_22)
FNDA:0,(anonymous_23)
FNDA:0,(anonymous_24)
FNDA:0,(anonymous_25)
FNDA:0,(anonymous_26)
FNDA:0,(anonymous_27)
FNDA:0,(anonymous_28)
FNDA:0,(anonymous_29)
FNDA:0,(anonymous_30)
FNDA:0,(anonymous_31)
FNDA:0,(anonymous_32)
FNDA:0,(anonymous_33)
FNDA:0,(anonymous_34)
FNDA:0,(anonymous_35)
[...]
DA:110,0
DA:113,0
DA:116,0
DA:117,0
DA:118,0
DA:119,0
DA:120,0
DA:123,0
DA:124,0
DA:127,0
DA:128,0
DA:132,0
DA:133,0
DA:137,0
DA:138,0
DA:142,0
DA:143,0
DA:147,0
DA:148,0
DA:149,0
DA:152,0
DA:153,0
DA:154,0
DA:155,0
DA:156,0
DA:160,0
DA:161,0
DA:162,0
DA:163,0
DA:164,0
DA:171,0
DA:172,0
DA:173,0
DA:174,0
DA:175,0
DA:176,0
DA:179,0
DA:180,0
DA:184,0
DA:185,0
DA:186,0
DA:196,0
DA:197,0
DA:198,0
DA:205,0
DA:206,0
DA:274,0
DA:277,0
DA:278,0
LF:102
LH:0
BRDA:14,0,0,0
BRDA:14,0,1,0
BRDA:22,1,0,0
BRDA:22,1,1,0
BRDA:33,2,0,0
BRDA:33,2,1,0
BRDA:39,3,0,0
BRDA:39,3,1,0
BRDA:61,4,0,0
BRDA:62,5,0,0
BRDA:62,5,1,0
BRDA:65,6,0,0
BRDA:65,6,1,0
BRDA:68,7,0,0
BRDA:68,7,1,0
BRDA:76,8,0,0
BRDA:76,8,1,0
BRDA:94,9,0,0
BRDA:94,9,1,0
BRDA:104,10,0,0
BRDA:104,10,1,0
BRDA:127,11,0,0
BRDA:127,11,1,0
BRDA:132,12,0,0
BRDA:132,12,1,0
BRDA:137,13,0,0
BRDA:137,13,1,0
BRDA:142,14,0,0
BRDA:142,14,1,0
BRDA:147,15,0,0
BRDA:147,15,1,0
BRDA:147,16,0,0
BRDA:147,16,1,0
BRDA:162,17,0,0
BRDA:162,17,1,0
BRDA:162,18,0,0
BRDA:162,18,1,0
BRDA:172,19,0,0
BRDA:172,19,1,0
BRDA:174,20,0,0
BRDA:174,20,1,0
BRDA:179,21,0,0
BRDA:179,21,1,0
BRDA:184,22,0,0
BRDA:184,22,1,0
BRDA:185,23,0,0
BRDA:185,23,1,0
BRDA:187,24,0,0
BRDA:187,24,1,0
BRDA:197,25,0,0
BRDA:197,25,1,0
BRF:51
BRH:0
end_of_record
TN:
SF:src\renderer\markdown.js
FN:22,(anonymous_0)
FN:29,(anonymous_1)
FN:35,(anonymous_2)
FN:71,(anonymous_3)
FN:77,(anonymous_4)
FN:87,(anonymous_5)
FN:106,(anonymous_6)
FN:113,(anonymous_7)
FN:116,(anonymous_8)
FN:126,(anonymous_9)
FN:130,(anonymous_10)
FN:136,htmlToMarkdown
FN:146,(anonymous_12)
FN:150,(anonymous_13)
FN:199,markdownToHtml
FN:205,(anonymous_15)
FN:214,(anonymous_16)
FN:224,(anonymous_17)
FN:238,(anonymous_18)
FN:239,(anonymous_19)
FN:258,(anonymous_20)
FN:259,(anonymous_21)
FN:281,(anonymous_22)
FN:294,(anonymous_23)
FN:300,(anonymous_24)
FN:303,(anonymous_25)
FN:322,(anonymous_26)
FN:330,(anonymous_27)
FN:342,(anonymous_28)
FN:354,(anonymous_29)
FN:360,(anonymous_30)
FN:367,(anonymous_31)
FN:374,(anonymous_32)
FN:381,(anonymous_33)
FN:402,(anonymous_34)
FN:405,(anonymous_35)
FN:420,(anonymous_36)
FN:450,(anonymous_37)
FN:463,(anonymous_38)
FN:474,(anonymous_39)
FN:478,(anonymous_40)
FN:498,(anonymous_41)
FN:506,preprocessNestedMarks
FN:530,escapeHtml
FN:538,(anonymous_44)
FNF:45
FNH:0
FNDA:0,(anonymous_0)
FNDA:0,(anonymous_1)
FNDA:0,(anonymous_2)
FNDA:0,(anonymous_3)
FNDA:0,(anonymous_4)
FNDA:0,(anonymous_5)
FNDA:0,(anonymous_6)
FNDA:0,(anonymous_7)
FNDA:0,(anonymous_8)
FNDA:0,(anonymous_9)
FNDA:0,(anonymous_10)
FNDA:0,htmlToMarkdown
FNDA:0,(anonymous_12)
FNDA:0,(anonymous_13)
FNDA:0,markdownToHtml
FNDA:0,(anonymous_15)
FNDA:0,(anonymous_16)
FNDA:0,(anonymous_17)
FNDA:0,(anonymous_18)
FNDA:0,(anonymous_19)
FNDA:0,(anonymous_20)
FNDA:0,(anonymous_21)
FNDA:0,(anonymous_22)
FNDA:0,(anonymous_23)
FNDA:0,(anonymous_24)
FNDA:0,(anonymous_25)
FNDA:0,(anonymous_26)
FNDA:0,(anonymous_27)
FNDA:0,(anonymous_28)
FNDA:0,(anonymous_29)
FNDA:0,(anonymous_30)
FNDA:0,(anonymous_31)
FNDA:0,(anonymous_32)
FNDA:0,(anonymous_33)
FNDA:0,(anonymous_34)
FNDA:0,(anonymous_35)
FNDA:0,(anonymous_36)
FNDA:0,(anonymous_37)
FNDA:0,(anonymous_38)
FNDA:0,(anonymous_39)
FNDA:0,(anonymous_40)
FNDA:0,(anonymous_41)
FNDA:0,preprocessNestedMarks
FNDA:0,escapeHtml
FNDA:0,(anonymous_44)
DA:10,0
DA:20,0
DA:23,0
DA:28,0
DA:30,0
DA:37,0
DA:39,0
DA:42,0
DA:45,0
DA:47,0
DA:49,0
DA:52,0
DA:54,0
DA:55,0
DA:56,0
DA:58,0
DA:60,0
DA:62,0
DA:65,0
DA:70,0
DA:72,0
DA:80,0
DA:85,0
DA:88,0
DA:89,0
DA:91,0
DA:93,0
DA:95,0
DA:101,0
DA:104,0
DA:106,0
DA:112,0
DA:114,0
DA:117,0
DA:118,0
DA:119,0
DA:120,0
DA:125,0
DA:127,0
DA:131,0
DA:138,0
DA:141,0
DA:142,0
DA:145,0
DA:146,0
DA:147,0
DA:148,0
DA:150,0
DA:151,0
DA:153,0
DA:156,0
DA:157,0
DA:158,0
DA:159,0
DA:161,0
DA:163,0
DA:164,0
DA:165,0
DA:168,0
DA:170,0
DA:171,0
DA:175,0
DA:176,0
DA:177,0
DA:178,0
DA:184,0
DA:191,0
DA:193,0
DA:201,0
DA:202,0
DA:205,0
DA:206,0
DA:207,0
DA:211,0
DA:214,0
DA:215,0
DA:219,0
DA:221,0
DA:224,0
DA:225,0
DA:229,0
DA:235,0
DA:238,0
DA:239,0
DA:240,0
DA:241,0
DA:246,0
DA:257,0
DA:258,0
DA:259,0
DA:260,0
DA:261,0
DA:262,0
DA:263,0
DA:264,0
DA:265,0
DA:269,0
DA:271,0
DA:274,0
DA:278,0
DA:281,0
DA:285,0
DA:290,0
DA:294,0
DA:296,0
DA:300,0
DA:302,0
DA:303,0
DA:304,0
DA:305,0
DA:309,0
DA:315,0
DA:322,0
DA:323,0
DA:326,0
DA:330,0
DA:332,0
DA:338,0
DA:342,0
DA:344,0
DA:350,0
DA:354,0
DA:355,0
DA:356,0
DA:360,0
DA:361,0
DA:362,0
DA:366,0
DA:367,0
DA:368,0
DA:369,0
DA:370,0
DA:374,0
DA:375,0
DA:376,0
DA:377,0
DA:381,0
DA:383,0
DA:388,0
DA:395,0
DA:398,0
DA:402,0
DA:404,0
DA:405,0
DA:406,0
DA:407,0
DA:411,0
DA:416,0
DA:420,0
DA:421,0
DA:425,0
DA:427,0
DA:429,0
DA:430,0
DA:433,0
DA:434,0
DA:435,0
DA:436,0
DA:439,0
DA:440,0
DA:444,0
DA:446,0
DA:450,0
DA:451,0
DA:452,0
DA:454,0
DA:455,0
DA:458,0
DA:459,0
DA:463,0
DA:464,0
DA:474,0
DA:475,0
DA:478,0
DA:479,0
DA:480,0
DA:483,0
DA:489,0
DA:492,0
DA:495,0
DA:498,0
DA:499,0
DA:502,0
DA:508,0
DA:531,0
DA:538,0
LF:186
LH:0
BRDA:30,0,0,0
BRDA:30,0,1,0
BRDA:30,0,2,0
BRDA:30,0,3,0
BRDA:37,1,0,0
BRDA:37,1,1,0
BRDA:39,2,0,0
BRDA:39,2,1,0
BRDA:52,3,0,0
BRDA:52,3,1,0
BRDA:55,4,0,0
BRDA:55,4,1,0
BRDA:56,5,0,0
BRDA:56,5,1,0
BRDA:58,6,0,0
BRDA:58,6,1,0
BRDA:72,7,0,0
BRDA:72,7,1,0
BRDA:72,7,2,0
BRDA:72,7,3,0
BRDA:89,8,0,0
BRDA:89,8,1,0
BRDA:89,8,2,0
BRDA:114,9,0,0
BRDA:114,9,1,0
BRDA:114,9,2,0
BRDA:118,10,0,0
BRDA:118,10,1,0
BRDA:127,11,0,0
BRDA:127,11,1,0
BRDA:127,11,2,0
BRDA:151,12,0,0
BRDA:151,12,1,0
BRDA:153,13,0,0
BRDA:153,13,1,0
BRDA:158,14,0,0
BRDA:158,14,1,0
BRDA:159,15,0,0
BRDA:159,15,1,0
BRDA:161,16,0,0
BRDA:161,16,1,0
BRDA:164,17,0,0
BRDA:164,17,1,0
BRDA:165,18,0,0
BRDA:165,18,1,0
BRDA:170,19,0,0
BRDA:170,19,1,0
BRDA:175,20,0,0
BRDA:175,20,1,0
BRDA:261,21,0,0
BRDA:261,21,1,0
BRDA:264,22,0,0
BRDA:264,22,1,0
BRDA:265,23,0,0
BRDA:265,23,1,0
BRDA:355,24,0,0
BRDA:355,24,1,0
BRDA:361,25,0,0
BRDA:361,25,1,0
BRDA:368,26,0,0
BRDA:368,26,1,0
BRDA:375,27,0,0
BRDA:375,27,1,0
BRDA:425,28,0,0
BRDA:425,28,1,0
BRDA:427,29,0,0
BRDA:427,29,1,0
BRDA:434,30,0,0
BRDA:434,30,1,0
BRDA:439,31,0,0
BRDA:439,31,1,0
BRDA:440,32,0,0
BRDA:440,32,1,0
BRDA:451,33,0,0
BRDA:451,33,1,0
BRDA:454,34,0,0
BRDA:454,34,1,0
BRDA:458,35,0,0
BRDA:458,35,1,0
BRDA:458,36,0,0
BRDA:458,36,1,0
BRDA:479,37,0,0
BRDA:479,37,1,0
BRDA:480,38,0,0
BRDA:480,38,1,0
BRDA:499,39,0,0
BRDA:499,39,1,0
BRF:87
BRH:0
end_of_record
TN:
SF:src\renderer\search-highlight-extension.js
FN:9,(anonymous_0)
FN:20,(anonymous_1)
FN:28,(anonymous_2)
FN:36,(anonymous_3)
FN:46,(anonymous_4)
FN:55,(anonymous_5)
FN:58,(anonymous_6)
FN:80,(anonymous_7)
FN:106,(anonymous_8)
FN:114,(anonymous_9)
FN:116,(anonymous_10)
FN:116,(anonymous_11)
FN:122,(anonymous_12)
FN:122,(anonymous_13)
FN:128,(anonymous_14)
FN:128,(anonymous_15)
FN:139,(anonymous_16)
FN:139,(anonymous_17)
FN:158,escapeRegExp
FNF:19
FNH:0
FNDA:0,(anonymous_0)
FNDA:0,(anonymous_1)
FNDA:0,(anonymous_2)
FNDA:0,(anonymous_3)
FNDA:0,(anonymous_4)
FNDA:0,(anonymous_5)
FNDA:0,(anonymous_6)
FNDA:0,(anonymous_7)
FNDA:0,(anonymous_8)
FNDA:0,(anonymous_9)
FNDA:0,(anonymous_10)
FNDA:0,(anonymous_11)
FNDA:0,(anonymous_12)
FNDA:0,(anonymous_13)
FNDA:0,(anonymous_14)
FNDA:0,(anonymous_15)
FNDA:0,(anonymous_16)
FNDA:0,(anonymous_17)
FNDA:0,escapeRegExp
DA:6,0
DA:10,0
DA:21,0
DA:29,0
DA:37,0
DA:41,0
DA:47,0
DA:48,0
DA:49,0
DA:51,0
DA:56,0
DA:59,0
DA:61,0
DA:62,0
DA:63,0
DA:64,0
DA:65,0
DA:66,0
DA:67,0
DA:68,0
DA:72,0
DA:73,0
DA:77,0
DA:78,0
DA:80,0
DA:81,0
DA:82,0
DA:83,0
DA:86,0
DA:87,0
DA:88,0
DA:89,0
DA:91,0
DA:93,0
DA:97,0
DA:102,0
DA:107,0
DA:115,0
DA:116,0
DA:117,0
DA:118,0
DA:120,0
DA:122,0
DA:123,0
DA:124,0
DA:126,0
DA:128,0
DA:129,0
DA:130,0
DA:132,0
DA:133,0
DA:134,0
DA:135,0
DA:137,0
DA:139,0
DA:140,0
DA:141,0
DA:143,0
DA:144,0
DA:145,0
DA:146,0
DA:148,0
DA:149,0
DA:151,0
DA:159,0
LF:65
LH:0
BRDA:37,0,0,0
BRDA:37,0,1,0
BRDA:61,1,0,0
BRDA:61,1,1,0
BRDA:62,2,0,0
BRDA:62,2,1,0
BRDA:64,3,0,0
BRDA:64,3,1,0
BRDA:65,4,0,0
BRDA:65,4,1,0
BRDA:72,5,0,0
BRDA:72,5,1,0
BRDA:81,6,0,0
BRDA:81,6,1,0
BRDA:81,7,0,0
BRDA:81,7,1,0
BRDA:94,8,0,0
BRDA:94,8,1,0
BRDA:117,9,0,0
BRDA:117,9,1,0
BRDA:123,10,0,0
BRDA:123,10,1,0
BRDA:132,11,0,0
BRDA:132,11,1,0
BRDA:132,12,0,0
BRDA:132,12,1,0
BRDA:143,13,0,0
BRDA:143,13,1,0
BRDA:143,14,0,0
BRDA:143,14,1,0
BRDA:145,15,0,0
BRDA:145,15,1,0
BRF:32
BRH:0
end_of_record
TN:
SF:src\renderer\search-replace.js
FN:4,createSearchReplaceDialog
FN:6,safeAsync
FN:6,(anonymous_2)
FN:6,(anonymous_3)
FN:6,(anonymous_4)
FN:56,performSearch
FN:124,highlightMatch
FN:145,scrollToMatch
FN:183,(anonymous_8)
FN:197,updateStatus
FN:208,replaceOne
FN:230,(anonymous_11)
FN:234,replaceAllFunc
FN:274,(anonymous_13)
FN:281,escapeRegExp
FN:286,showInputContextMenu
FN:308,(anonymous_16)
FN:322,(anonymous_17)
FN:335,(anonymous_18)
FN:368,(anonymous_19)
FN:369,closeMenu
FN:379,handleInputContextMenuAction
FN:466,show
FN:473,(anonymous_23)
FN:494,hide
FN:517,(anonymous_25)
FN:518,(anonymous_26)
FN:519,(anonymous_27)
FN:525,(anonymous_28)
FN:530,(anonymous_29)
FN:544,(anonymous_30)
FN:549,(anonymous_31)
FN:566,(anonymous_32)
FN:570,(anonymous_33)
FN:574,(anonymous_34)
FN:579,(anonymous_35)
FN:580,(anonymous_36)
FN:586,(anonymous_37)
FN:590,addSearchReplaceStyles
FN:743,setupSearchReplace
FN:748,(anonymous_40)
FNF:41
FNH:0
FNDA:0,createSearchReplaceDialog
FNDA:0,safeAsync
FNDA:0,(anonymous_2)
FNDA:0,(anonymous_3)
FNDA:0,(anonymous_4)
FNDA:0,performSearch
FNDA:0,highlightMatch
FNDA:0,scrollToMatch
FNDA:0,(anonymous_8)
FNDA:0,updateStatus
FNDA:0,replaceOne
FNDA:0,(anonymous_11)
FNDA:0,replaceAllFunc
FNDA:0,(anonymous_13)
FNDA:0,escapeRegExp
FNDA:0,showInputContextMenu
FNDA:0,(anonymous_16)
FNDA:0,(anonymous_17)
FNDA:0,(anonymous_18)
FNDA:0,(anonymous_19)
FNDA:0,closeMenu
FNDA:0,handleInputContextMenuAction
FNDA:0,show
FNDA:0,(anonymous_23)
FNDA:0,hide
FNDA:0,(anonymous_25)
FNDA:0,(anonymous_26)
FNDA:0,(anonymous_27)
FNDA:0,(anonymous_28)
FNDA:0,(anonymous_29)
FNDA:0,(anonymous_30)
FNDA:0,(anonymous_31)
FNDA:0,(anonymous_32)
FNDA:0,(anonymous_33)
FNDA:0,(anonymous_34)
FNDA:0,(anonymous_35)
FNDA:0,(anonymous_36)
FNDA:0,(anonymous_37)
FNDA:0,addSearchReplaceStyles
FNDA:0,setupSearchReplace
FNDA:0,(anonymous_40)
DA:6,0
DA:7,0
DA:40,0
DA:41,0
DA:42,0
DA:44,0
DA:45,0
DA:46,0
DA:47,0
DA:49,0
DA:50,0
DA:51,0
DA:52,0
DA:53,0
DA:57,0
DA:59,0
DA:60,0
DA:61,0
DA:62,0
DA:63,0
DA:64,0
DA:67,0
DA:73,0
DA:74,0
DA:76,0
DA:79,0
DA:80,0
DA:83,0
DA:84,0
DA:86,0
DA:87,0
DA:88,0
DA:90,0
DA:94,0
DA:95,0
DA:103,0
DA:104,0
DA:105,0
DA:107,0
DA:108,0
DA:110,0
DA:112,0
DA:115,0
DA:117,0
DA:118,0
DA:125,0
DA:127,0
DA:128,0
DA:131,0
DA:134,0
DA:137,0
DA:140,0
DA:146,0
DA:148,0
DA:149,0
DA:159,0
DA:160,0
DA:162,0
DA:163,0
DA:165,0
DA:168,0
DA:169,0
DA:171,0
DA:174,0
DA:175,0
DA:177,0
DA:180,0
DA:183,0
DA:184,0
DA:185,0
DA:189,0
DA:191,0
DA:192,0
DA:198,0
DA:199,0
DA:200,0
DA:201,0
DA:203,0
DA:209,0
DA:211,0
DA:212,0
DA:214,0
DA:216,0
DA:219,0
DA:220,0
DA:225,0
DA:226,0
DA:230,0
DA:235,0
DA:237,0
DA:238,0
DA:239,0
DA:245,0
DA:248,0
DA:249,0
DA:252,0
DA:253,0
DA:255,0
DA:256,0
DA:257,0
DA:259,0
DA:262,0
DA:263,0
DA:264,0
DA:267,0
DA:268,0
DA:271,0
DA:274,0
DA:276,0
DA:282,0
DA:288,0
DA:289,0
DA:290,0
DA:293,0
DA:294,0
DA:295,0
DA:296,0
DA:298,0
DA:300,0
DA:308,0
DA:309,0
DA:310,0
DA:311,0
DA:312,0
DA:314,0
DA:315,0
DA:316,0
DA:317,0
DA:319,0
DA:321,0
DA:322,0
DA:323,0
DA:324,0
DA:328,0
DA:332,0
DA:335,0
DA:336,0
DA:337,0
DA:338,0
DA:340,0
DA:341,0
DA:344,0
DA:345,0
DA:349,0
DA:350,0
DA:354,0
DA:355,0
DA:359,0
DA:360,0
DA:363,0
DA:364,0
DA:368,0
DA:369,0
DA:370,0
DA:371,0
DA:373,0
DA:380,0
DA:382,0
DA:386,0
DA:387,0
DA:388,0
DA:390,0
DA:391,0
DA:394,0
DA:397,0
DA:401,0
DA:402,0
DA:403,0
DA:404,0
DA:405,0
DA:406,0
DA:407,0
DA:408,0
DA:410,0
DA:411,0
DA:414,0
DA:417,0
DA:419,0
DA:420,0
DA:422,0
DA:423,0
DA:424,0
DA:425,0
DA:426,0
DA:429,0
DA:430,0
DA:431,0
DA:433,0
DA:434,0
DA:435,0
DA:436,0
DA:437,0
DA:438,0
DA:439,0
DA:442,0
DA:446,0
DA:447,0
DA:448,0
DA:449,0
DA:450,0
DA:451,0
DA:452,0
DA:455,0
DA:457,0
DA:460,0
DA:461,0
DA:467,0
DA:468,0
DA:469,0
DA:470,0
DA:473,0
DA:474,0
DA:475,0
DA:479,0
DA:480,0
DA:481,0
DA:482,0
DA:483,0
DA:486,0
DA:487,0
DA:488,0
DA:495,0
DA:496,0
DA:497,0
DA:498,0
DA:499,0
DA:500,0
DA:501,0
DA:503,0
DA:509,0
DA:510,0
DA:511,0
DA:512,0
DA:513,0
DA:514,0
DA:516,0
DA:517,0
DA:518,0
DA:519,0
DA:520,0
DA:521,0
DA:523,0
DA:525,0
DA:526,0
DA:527,0
DA:530,0
DA:531,0
DA:532,0
DA:533,0
DA:534,0
DA:535,0
DA:536,0
DA:537,0
DA:542,0
DA:544,0
DA:545,0
DA:546,0
DA:549,0
DA:550,0
DA:551,0
DA:552,0
DA:553,0
DA:554,0
DA:556,0
DA:558,0
DA:559,0
DA:560,0
DA:566,0
DA:567,0
DA:570,0
DA:571,0
DA:574,0
DA:575,0
DA:579,0
DA:580,0
DA:586,0
DA:591,0
DA:592,0
DA:741,0
DA:744,0
DA:745,0
DA:748,0
LF:282
LH:0
BRDA:6,0,0,0
BRDA:6,0,1,0
BRDA:6,1,0,0
BRDA:6,1,1,0
BRDA:56,2,0,0
BRDA:57,3,0,0
BRDA:57,3,1,0
BRDA:60,4,0,0
BRDA:60,4,1,0
BRDA:74,5,0,0
BRDA:74,5,1,0
BRDA:83,6,0,0
BRDA:83,6,1,0
BRDA:84,7,0,0
BRDA:84,7,1,0
BRDA:87,8,0,0
BRDA:87,8,1,0
BRDA:90,9,0,0
BRDA:90,9,1,0
BRDA:103,10,0,0
BRDA:103,10,1,0
BRDA:104,11,0,0
BRDA:104,11,1,0
BRDA:108,12,0,0
BRDA:108,12,1,0
BRDA:117,13,0,0
BRDA:117,13,1,0
BRDA:125,14,0,0
BRDA:125,14,1,0
BRDA:125,15,0,0
BRDA:125,15,1,0
BRDA:127,16,0,0
BRDA:127,16,1,0
BRDA:198,17,0,0
BRDA:198,17,1,0
BRDA:200,18,0,0
BRDA:200,18,1,0
BRDA:209,19,0,0
BRDA:209,19,1,0
BRDA:209,20,0,0
BRDA:209,20,1,0
BRDA:209,20,2,0
BRDA:214,21,0,0
BRDA:214,21,1,0
BRDA:235,22,0,0
BRDA:235,22,1,0
BRDA:235,23,0,0
BRDA:235,23,1,0
BRDA:248,24,0,0
BRDA:248,24,1,0
BRDA:252,25,0,0
BRDA:252,25,1,0
BRDA:253,26,0,0
BRDA:253,26,1,0
BRDA:256,27,0,0
BRDA:256,27,1,0
BRDA:259,28,0,0
BRDA:259,28,1,0
BRDA:289,29,0,0
BRDA:289,29,1,0
BRDA:309,30,0,0
BRDA:309,30,1,0
BRDA:316,31,0,0
BRDA:316,31,1,0
BRDA:321,32,0,0
BRDA:321,32,1,0
BRDA:344,33,0,0
BRDA:344,33,1,0
BRDA:349,34,0,0
BRDA:349,34,1,0
BRDA:354,35,0,0
BRDA:354,35,1,0
BRDA:359,36,0,0
BRDA:359,36,1,0
BRDA:370,37,0,0
BRDA:370,37,1,0
BRDA:380,38,0,0
BRDA:380,38,1,0
BRDA:380,38,2,0
BRDA:380,38,3,0
BRDA:386,39,0,0
BRDA:386,39,1,0
BRDA:401,40,0,0
BRDA:401,40,1,0
BRDA:424,41,0,0
BRDA:424,41,1,0
BRDA:431,42,0,0
BRDA:431,42,1,0
BRDA:431,42,2,0
BRDA:442,43,0,0
BRDA:442,43,1,0
BRDA:446,44,0,0
BRDA:446,44,1,0
BRDA:466,45,0,0
BRDA:479,46,0,0
BRDA:479,46,1,0
BRDA:481,47,0,0
BRDA:481,47,1,0
BRDA:486,48,0,0
BRDA:486,48,1,0
BRDA:499,49,0,0
BRDA:499,49,1,0
BRDA:500,50,0,0
BRDA:500,50,1,0
BRDA:516,51,0,0
BRDA:516,51,1,0
BRDA:517,52,0,0
BRDA:517,52,1,0
BRDA:518,53,0,0
BRDA:518,53,1,0
BRDA:519,54,0,0
BRDA:519,54,1,0
BRDA:520,55,0,0
BRDA:520,55,1,0
BRDA:521,56,0,0
BRDA:521,56,1,0
BRDA:523,57,0,0
BRDA:523,57,1,0
BRDA:532,58,0,0
BRDA:532,58,1,0
BRDA:534,59,0,0
BRDA:534,59,1,0
BRDA:535,60,0,0
BRDA:535,60,1,0
BRDA:542,61,0,0
BRDA:542,61,1,0
BRDA:551,62,0,0
BRDA:551,62,1,0
BRDA:553,63,0,0
BRDA:553,63,1,0
BRDA:553,64,0,0
BRDA:553,64,1,0
BRDA:558,65,0,0
BRDA:558,65,1,0
BRDA:748,66,0,0
BRDA:748,66,1,0
BRDA:748,67,0,0
BRDA:748,67,1,0
BRF:138
BRH:0
end_of_record
TN:
SF:src\renderer\toc-generator.js
FN:4,generateTableOfContents
FN:16,showTOCFormatDialog
FN:23,(anonymous_2)
FN:62,close
FN:67,(anonymous_4)
FN:68,(anonymous_5)
FN:69,(anonymous_6)
FN:74,(anonymous_7)
FN:83,generateTOC
FN:87,(anonymous_9)
FN:105,(anonymous_10)
FN:124,createAnchor
FN:134,escapeHtml
FN:143,(anonymous_13)
FN:147,addTOCStyles
FNF:15
FNH:0
FNDA:0,generateTableOfContents
FNDA:0,showTOCFormatDialog
FNDA:0,(anonymous_2)
FNDA:0,close
FNDA:0,(anonymous_4)
FNDA:0,(anonymous_5)
FNDA:0,(anonymous_6)
FNDA:0,(anonymous_7)
FNDA:0,generateTOC
FNDA:0,(anonymous_9)
FNDA:0,(anonymous_10)
FNDA:0,createAnchor
FNDA:0,escapeHtml
FNDA:0,(anonymous_13)
FNDA:0,addTOCStyles
DA:5,0
DA:6,0
DA:7,0
DA:8,0
DA:9,0
DA:11,0
DA:12,0
DA:18,0
DA:19,0
DA:23,0
DA:24,0
DA:53,0
DA:54,0
DA:55,0
DA:57,0
DA:58,0
DA:59,0
DA:60,0
DA:63,0
DA:64,0
DA:67,0
DA:68,0
DA:69,0
DA:70,0
DA:71,0
DA:74,0
DA:75,0
DA:76,0
DA:84,0
DA:87,0
DA:88,0
DA:89,0
DA:90,0
DA:91,0
DA:92,0
DA:97,0
DA:98,0
DA:99,0
DA:103,0
DA:105,0
DA:106,0
DA:108,0
DA:110,0
DA:111,0
DA:114,0
DA:118,0
DA:120,0
DA:125,0
DA:135,0
DA:136,0
DA:143,0
DA:148,0
DA:150,0
DA:151,0
DA:152,0
DA:219,0
DA:223,0
LF:57
LH:0
BRDA:5,0,0,0
BRDA:5,0,1,0
BRDA:7,1,0,0
BRDA:7,1,1,0
BRDA:9,2,0,0
BRDA:9,2,1,0
BRDA:18,3,0,0
BRDA:18,3,1,0
BRDA:71,4,0,0
BRDA:71,4,1,0
BRDA:75,5,0,0
BRDA:75,5,1,0
BRDA:83,6,0,0
BRDA:88,7,0,0
BRDA:88,7,1,0
BRDA:91,8,0,0
BRDA:91,8,1,0
BRDA:97,9,0,0
BRDA:97,9,1,0
BRDA:108,10,0,0
BRDA:108,10,1,0
BRDA:135,11,0,0
BRDA:135,11,1,0
BRDA:148,12,0,0
BRDA:148,12,1,0
BRF:25
BRH:0
end_of_record
TN:
SF:src\renderer\web-panel.js
FN:10,(anonymous_0)
FN:34,loadTargets
FN:44,saveTargets
FN:128,openModal
FN:131,(anonymous_4)
FN:143,closeModal
FN:145,(anonymous_6)
FN:147,(anonymous_7)
FN:150,(anonymous_8)
FN:158,getSelectedText
FN:169,copySelection
FN:187,insertTextAtCursor
FN:217,showResultPopup
FN:231,(anonymous_13)
FN:236,(anonymous_14)
FN:248,tickClipboard
FN:262,startWatch
FN:267,stopWatch
FN:272,openExternal
FN:286,renderButtons
FN:289,(anonymous_20)
FN:297,(anonymous_21)
FN:310,(anonymous_22)
FNF:23
FNH:0
FNDA:0,(anonymous_0)
FNDA:0,loadTargets
FNDA:0,saveTargets
FNDA:0,openModal
FNDA:0,(anonymous_4)
FNDA:0,closeModal
FNDA:0,(anonymous_6)
FNDA:0,(anonymous_7)
FNDA:0,(anonymous_8)
FNDA:0,getSelectedText
FNDA:0,copySelection
FNDA:0,insertTextAtCursor
FNDA:0,showResultPopup
FNDA:0,(anonymous_13)
FNDA:0,(anonymous_14)
FNDA:0,tickClipboard
FNDA:0,startWatch
FNDA:0,stopWatch
FNDA:0,openExternal
FNDA:0,renderButtons
FNDA:0,(anonymous_20)
FNDA:0,(anonymous_21)
FNDA:0,(anonymous_22)
DA:10,0
DA:11,0
DA:12,0
DA:15,0
DA:16,0
DA:24,0
DA:25,0
DA:35,0
DA:36,0
DA:37,0
DA:38,0
DA:39,0
DA:41,0
DA:45,0
DA:46,0
DA:47,0
DA:51,0
DA:102,0
DA:103,0
DA:104,0
DA:107,0
DA:108,0
DA:109,0
DA:113,0
DA:115,0
DA:116,0
DA:117,0
DA:126,0
DA:129,0
DA:130,0
DA:131,0
DA:132,0
DA:133,0
DA:134,0
DA:135,0
DA:139,0
DA:141,0
DA:143,0
DA:145,0
DA:146,0
DA:147,0
DA:148,0
DA:149,0
DA:150,0
DA:151,0
DA:153,0
DA:154,0
DA:159,0
DA:160,0
DA:161,0
DA:162,0
DA:163,0
DA:164,0
DA:167,0
DA:170,0
DA:171,0
DA:172,0
DA:173,0
DA:174,0
DA:175,0
DA:176,0
DA:178,0
DA:180,0
DA:181,0
DA:183,0
DA:189,0
DA:190,0
DA:191,0
DA:192,0
DA:196,0
DA:197,0
DA:198,0
DA:199,0
DA:200,0
DA:201,0
DA:202,0
DA:203,0
DA:204,0
DA:207,0
DA:208,0
DA:209,0
DA:210,0
DA:211,0
DA:213,0
DA:218,0
DA:219,0
DA:220,0
DA:221,0
DA:222,0
DA:223,0
DA:230,0
DA:231,0
DA:232,0
DA:233,0
DA:234,0
DA:236,0
DA:237,0
DA:238,0
DA:239,0
DA:242,0
DA:246,0
DA:247,0
DA:249,0
DA:251,0
DA:252,0
DA:253,0
DA:254,0
DA:255,0
DA:263,0
DA:264,0
DA:265,0
DA:268,0
DA:273,0
DA:275,0
DA:276,0
DA:278,0
DA:279,0
DA:281,0
DA:285,0
DA:287,0
DA:288,0
DA:289,0
DA:290,0
DA:291,0
DA:292,0
DA:293,0
DA:294,0
DA:295,0
DA:296,0
DA:297,0
DA:298,0
DA:299,0
DA:300,0
DA:302,0
DA:305,0
DA:306,0
DA:307,0
DA:308,0
DA:309,0
DA:310,0
DA:311,0
DA:313,0
DA:316,0
LF:143
LH:0
BRDA:11,0,0,0
BRDA:11,0,1,0
BRDA:12,1,0,0
BRDA:12,1,1,0
BRDA:37,2,0,0
BRDA:37,2,1,0
BRDA:38,3,0,0
BRDA:38,3,1,0
BRDA:45,4,0,0
BRDA:45,4,1,0
BRDA:132,5,0,0
BRDA:132,5,1,0
BRDA:137,6,0,0
BRDA:137,6,1,0
BRDA:137,7,0,0
BRDA:137,7,1,0
BRDA:145,8,0,0
BRDA:145,8,1,0
BRDA:150,9,0,0
BRDA:150,9,1,0
BRDA:160,10,0,0
BRDA:160,10,1,0
BRDA:161,11,0,0
BRDA:161,11,1,0
BRDA:163,12,0,0
BRDA:163,12,1,0
BRDA:163,13,0,0
BRDA:163,13,1,0
BRDA:163,13,2,0
BRDA:163,13,3,0
BRDA:164,14,0,0
BRDA:164,14,1,0
BRDA:164,15,0,0
BRDA:164,15,1,0
BRDA:171,16,0,0
BRDA:171,16,1,0
BRDA:173,17,0,0
BRDA:173,17,1,0
BRDA:175,18,0,0
BRDA:175,18,1,0
BRDA:180,19,0,0
BRDA:180,19,1,0
BRDA:190,20,0,0
BRDA:190,20,1,0
BRDA:192,21,0,0
BRDA:192,21,1,0
BRDA:197,22,0,0
BRDA:197,22,1,0
BRDA:197,23,0,0
BRDA:197,23,1,0
BRDA:197,23,2,0
BRDA:197,23,3,0
BRDA:198,24,0,0
BRDA:198,24,1,0
BRDA:198,25,0,0
BRDA:198,25,1,0
BRDA:207,26,0,0
BRDA:207,26,1,0
BRDA:208,27,0,0
BRDA:208,27,1,0
BRDA:208,28,0,0
BRDA:208,28,1,0
BRDA:218,29,0,0
BRDA:218,29,1,0
BRDA:220,30,0,0
BRDA:220,30,1,0
BRDA:242,31,0,0
BRDA:242,31,1,0
BRDA:251,32,0,0
BRDA:251,32,1,0
BRDA:253,33,0,0
BRDA:253,33,1,0
BRDA:253,34,0,0
BRDA:253,34,1,0
BRDA:263,35,0,0
BRDA:263,35,1,0
BRDA:268,36,0,0
BRDA:268,36,1,0
BRDA:273,37,0,0
BRDA:273,37,1,0
BRDA:275,38,0,0
BRDA:275,38,1,0
BRDA:278,39,0,0
BRDA:278,39,1,0
BRDA:291,40,0,0
BRDA:291,40,1,0
BRDA:295,41,0,0
BRDA:295,41,1,0
BRF:88
BRH:0
end_of_record
